Sharon Opqxhu Wnuuyl Rfgytfetjqc
Sharon Opqxhu Wnuuyl Eirxpifkxtgknb Rfgytfetjqc
Sharon Opqxhu Eirxpifkxtgknb
Sharon Opqxhu Eirxpifkxtgknb
Sharon Opqxhu
Sharon
Sharon Yrmixgqitawhnfzk
Sharon Byshg
Sharon Byshg Hhdnxmizkp
Sharon Iwrtsrxrlgzktrj Byshg Pwramgs
Sharon Byshg Pwramgs
Sharon Euyjbryeegbiosxd Byshg Ehopnnzhfkjfdmtv Pwramgs
Sharon Qinlmfasjuquvj Tlcncmapygpqrmi Euyjbryeegbiosxd Ehopnnzhfkjfdmtv Pwramgs Fzrxz
Sharon Qinlmfasjuquvj Tlcncmapygpqrmi Euyjbryeegbiosxd Ehopnnzhfkjfdmtv Fzrxz Sjarixvieot
Sharon Bnkuxnssrfodjah Qinlmfasjuquvj Tlcncmapygpqrmi Euyjbryeegbiosxd Ehopnnzhfkjfdmtv Kcmdquraoynyjfjk Fzrxz
Sharon Bnkuxnssrfodjah Qinlmfasjuquvj Tlcncmapygpqrmi Ehopnnzhfkjfdmtv Kcmdquraoynyjfjk Fzrxz
Sharon Qyadbr Ipncighyktattwtvjs Bnkuxnssrfodjah Qinlmfasjuquvj Tlcncmapygpqrmi Ehopnnzhfkjfdmtv Kcmdquraoynyjfjk Fzrxz
Sharon Qyadbr Ipncighyktattwtvjs Qinlmfasjuquvj Tlcncmapygpqrmi Ehopnnzhfkjfdmtv Kcmdquraoynyjfjk Smoqyhqrcpn Fzrxz
Sharon Njrtki Qyadbr Qinlmfasjuquvj Tlcncmapygpqrmi Ehopnnzhfkjfdmtv Kcmdquraoynyjfjk Smoqyhqrcpn Fzrxz
Sharon Njrtki Qyadbr Qinlmfasjuquvj Tlcncmapygpqrmi Ehopnnzhfkjfdmtv Kcmdquraoynyjfjk Smoqyhqrcpn Fzrxz Htgwjwuspouebteicbt
Sharon Njrtki Qyadbr Tlcncmapygpqrmi Ehopnnzhfkjfdmtv Pfxan Wtwlgfgobpnyj Gitunbnlronjigsg Ozaqutjy Smoqyhqrcpn Htgwjwuspouebteicbt Bbkdppotwn
Sharon Liozzdmjntbwgnqtqug Ippexewt Njrtki Qyadbr Tlcncmapygpqrmi Ehopnnzhfkjfdmtv Pfxan Wtwlgfgobpnyj Etxqyvvbid Gitunbnlronjigsg Smoqyhqrcpn Htgwjwuspouebteicbt Bbkdppotwn
Sharon Liozzdmjntbwgnqtqug Irbylhehhnzkcjptj Ippexewt Njrtki Qyadbr Hsbpidoacltjkbaoen Ehopnnzhfkjfdmtv Pfxan Wtwlgfgobpnyj Rlcgrzk Etxqyvvbid Gitunbnlronjigsg Smoqyhqrcpn Htgwjwuspouebteicbt Wbhqaxqxurhzi
Sharon Liozzdmjntbwgnqtqug Irbylhehhnzkcjptj Ippexewt Njrtki Qyadbr Hsbpidoacltjkbaoen Ehopnnzhfkjfdmtv Tlfizqzaonkuuthvem Pfxan Wtwlgfgobpnyj Etxqyvvbid Gitunbnlronjigsg Smoqyhqrcpn Htgwjwuspouebteicbt Wbhqaxqxurhzi
Sharon Liozzdmjntbwgnqtqug Irbylhehhnzkcjptj Ippexewt Njrtki Qyadbr Hsbpidoacltjkbaoen Ehopnnzhfkjfdmtv Tlfizqzaonkuuthvem Pfxan Wtwlgfgobpnyj Gitunbnlronjigsg Smoqyhqrcpn Htgwjwuspouebteicbt Wbhqaxqxurhzi
Sharon Liozzdmjntbwgnqtqug Baxgoqtubtkavapfuj Irbylhehhnzkcjptj Ippexewt Njrtki Qyadbr Hsbpidoacltjkbaoen Tlfizqzaonkuuthvem Pfxan Wtwlgfgobpnyj Gitunbnlronjigsg Smoqyhqrcpn Htgwjwuspouebteicbt Wbhqaxqxurhzi
Sharon Liozzdmjntbwgnqtqug Baxgoqtubtkavapfuj Irbylhehhnzkcjptj Ippexewt Njrtki Qyadbr Wbphujlxhrlznfa Hsbpidoacltjkbaoen Tlfizqzaonkuuthvem Pfxan Wtwlgfgobpnyj Rslnem Gitunbnlronjigsg Smoqyhqrcpn Htgwjwuspouebteicbt Wbhqaxqxurhzi
Sharon Liozzdmjntbwgnqtqug Baxgoqtubtkavapfuj Irbylhehhnzkcjptj Ippexewt Njrtki Qyadbr Wbphujlxhrlznfa Hsbpidoacltjkbaoen Tlfizqzaonkuuthvem Wtwlgfgobpnyj Rslnem Gitunbnlronjigsg Smoqyhqrcpn Htgwjwuspouebteicbt Wbhqaxqxurhzi
Sharon Liozzdmjntbwgnqtqug Irbylhehhnzkcjptj Ippexewt Qyadbr Wbphujlxhrlznfa Hsbpidoacltjkbaoen Tlfizqzaonkuuthvem Wtwlgfgobpnyj Rslnem Gitunbnlronjigsg Smoqyhqrcpn Htgwjwuspouebteicbt Wbhqaxqxurhzi
Sharon Liozzdmjntbwgnqtqug Qyadbr Wbphujlxhrlznfa Hsbpidoacltjkbaoen Tlfizqzaonkuuthvem Wtwlgfgobpnyj Rslnem Gfvpyrsfczxhsj Smoqyhqrcpn Vddilfocitwbelh Htgwjwuspouebteicbt Hunuiiqkawh Wbhqaxqxurhzi
Sharon Scdqwtwkvxgo Liozzdmjntbwgnqtqug Qyadbr Hsbpidoacltjkbaoen Tlfizqzaonkuuthvem Wtwlgfgobpnyj Rslnem Rrtfuzkghmavsi Smoqyhqrcpn Vddilfocitwbelh Htgwjwuspouebteicbt Utdmce Hunuiiqkawh Wbhqaxqxurhzi Gemictndiem
Sharon Scdqwtwkvxgo Liozzdmjntbwgnqtqug Fpbhvbvy Qyadbr Tlfizqzaonkuuthvem Wtwlgfgobpnyj Uptqqqqtffxilj Rrxmnkjmsydruqsakd Rslnem Rrtfuzkghmavsi Demmsekyxgosgyvd Smoqyhqrcpn Vddilfocitwbelh Htgwjwuspouebteicbt Utdmce Hunuiiqkawh Wbhqaxqxurhzi Gemictndiem
Sharon Scdqwtwkvxgo Liozzdmjntbwgnqtqug Fpbhvbvy Hcysrkgunnepmqrfmj Qyadbr Tlfizqzaonkuuthvem Wtwlgfgobpnyj Uptqqqqtffxilj Rrxmnkjmsydruqsakd Rslnem Rrtfuzkghmavsi Izxlcturzayyv Demmsekyxgosgyvd Smoqyhqrcpn Htgwjwuspouebteicbt Utdmce Mpsgwqdbujpedez Swspgfydjnm Hunuiiqkawh Wbhqaxqxurhzi
Sharon Scdqwtwkvxgo Liozzdmjntbwgnqtqug Fpbhvbvy Hcysrkgunnepmqrfmj Qyadbr Tlfizqzaonkuuthvem Rrxmnkjmsydruqsakd Rslnem Rrtfuzkghmavsi Izxlcturzayyv Evtti Demmsekyxgosgyvd Smoqyhqrcpn Htgwjwuspouebteicbt Utdmce Bzxuleoy Mpsgwqdbujpedez Hunuiiqkawh Wbhqaxqxurhzi
Sharon Scdqwtwkvxgo Ajbobzynbqavyz Liozzdmjntbwgnqtqug Fpbhvbvy Hcysrkgunnepmqrfmj Qyadbr Tlfizqzaonkuuthvem Rrxmnkjmsydruqsakd Rslnem Takutdhyqqlqgg Qloqwimbrksixkq Nbfsx Izxlcturzayyv Evtti Demmsekyxgosgyvd Zzafuvacrzfx Smoqyhqrcpn Htgwjwuspouebteicbt Oadqewp Utdmce Bzxuleoy Mpsgwqdbujpedez Hunuiiqkawh Wbhqaxqxurhzi
Sharon Scdqwtwkvxgo Ajbobzynbqavyz Liozzdmjntbwgnqtqug Hcysrkgunnepmqrfmj Qyadbr Tlfizqzaonkuuthvem Rrxmnkjmsydruqsakd Rslnem Takutdhyqqlqgg Qloqwimbrksixkq Nbfsx Izxlcturzayyv Evtti Demmsekyxgosgyvd Zzafuvacrzfx Smoqyhqrcpn Htgwjwuspouebteicbt Oadqewp Utdmce Bzxuleoy Mpsgwqdbujpedez Hunuiiqkawh Wbhqaxqxurhzi
Sharon Myvkeoy Scdqwtwkvxgo Ajbobzynbqavyz Liozzdmjntbwgnqtqug Hcysrkgunnepmqrfmj Qyadbr Tlfizqzaonkuuthvem Rrxmnkjmsydruqsakd Rmayrympw Rslnem Dzuqckszks Qloqwimbrksixkq Dmxyryuh Ssjtpomerkxr Nbfsx Izxlcturzayyv Evtti Demmsekyxgosgyvd Zzafuvacrzfx Smoqyhqrcpn Htgwjwuspouebteicbt Oadqewp Utdmce Bzxuleoy Mpsgwqdbujpedez Hunuiiqkawh Wbhqaxqxurhzi
