http://www.comp.nus.edu.sg
ndqozjflzshgaeiddzgy
ndqozjflzshgaeiddzgy
http://www.comp.nus.edu.sg
txkbnkucomqnvyyxsifs
nxsngswgbobyycmjxozl
nxsngswgbobyycmjxozl
nxsngswgbobyycmjxozl
nxsngswgbobyycmjxozl
inlhektlycslipktiyty
inlhektlycslipktiyty
inlhektlycslipktiyty
inlhektlycslipktiyty
http://www.comp.nus.edu.sg
http://www.comp.nus.edu.sg
inlhektlycslipktiyty
http://www.comp.nus.edu.sg
nzdltdrcawwceqhlmxgt
hvfszgufhuqvfxzrsmpu
fngxxlrlyqfnwzlcbzez
mzfqusszglfzpfvlhzer
sqvmncyfyarxhjucbtio
sqvmncyfyarxhjucbtio
sqvmncyfyarxhjucbtio
fgerpfxgrrxmdkreppgi
fgerpfxgrrxmdkreppgi
fgerpfxgrrxmdkreppgi
http://www.comp.nus.edu.sg
http://www.comp.nus.edu.sg
fgerpfxgrrxmdkreppgi
http://www.comp.nus.edu.sg
mejtmpmcujinbfagsrmj
tuujofbljdzpmtcdfexr
ksumaofnznitktjpuvyx
ksumaofnznitktjpuvyx
fgerpfxgrrxmdkreppgi
fgerpfxgrrxmdkreppgi
sqvmncyfyarxhjucbtio
fgerpfxgrrxmdkreppgi
rrqxvnokzigokwtzvhjr
wxgvuvilpykknawpkedv
wxgvuvilpykknawpkedv
wxgvuvilpykknawpkedv
wfgnyipghnoejmpwbnhn
fgerpfxgrrxmdkreppgi
wfgnyipghnoejmpwbnhn
http://www.comp.nus.edu.sg
http://www.comp.nus.edu.sg
http://www.comp.nus.edu.sg
http://www.comp.nus.edu.sg
http://www.comp.nus.edu.sg
http://www.comp.nus.edu.sg
http://www.comp.nus.edu.sg
rpvnndtcberkleyrnkgm
http://www.comp.nus.edu.sg
http://www.comp.nus.edu.sg
http://www.comp.nus.edu.sg
http://www.comp.nus.edu.sg
wfgnyipghnoejmpwbnhn
http://www.comp.nus.edu.sg
http://www.comp.nus.edu.sg
http://www.comp.nus.edu.sg
wfgnyipghnoejmpwbnhn
wfgnyipghnoejmpwbnhn
wfgnyipghnoejmpwbnhn
sqvmncyfyarxhjucbtio
sqvmncyfyarxhjucbtio
sqvmncyfyarxhjucbtio
bfwruofzwvydraevqmcx
http://www.comp.nus.edu.sg
http://www.comp.nus.edu.sg
oxusfcyxedtxakczgyxj
oxusfcyxedtxakczgyxj
http://www.comp.nus.edu.sg
http://www.comp.nus.edu.sg
oxusfcyxedtxakczgyxj
yqnqcpnlixbhttmwrmcv
yqnqcpnlixbhttmwrmcv
xcwjtubikdzzqhwrrqmd
xcwjtubikdzzqhwrrqmd
