[http://www.comp.nus.edu.sg, wdgdwrvuigukvjpodooh]
OPENNEW: http://www.comp.nus.edu.sg
[http://www.comp.nus.edu.sg, nrnglbafkvbqdfouajci, wdgdwrvuigukvjpodooh]
OPENNEW: http://www.comp.nus.edu.sg
[http://www.comp.nus.edu.sg, pfoetuuhbjuuxahycnkz, nrnglbafkvbqdfouajci, wdgdwrvuigukvjpodooh]
OPENNEW: http://www.comp.nus.edu.sg
[http://www.comp.nus.edu.sg, http://www.comp.nus.edu.sg, pfoetuuhbjuuxahycnkz, nrnglbafkvbqdfouajci, wdgdwrvuigukvjpodooh]
NEWTAB: http://www.comp.nus.edu.sg
[http://www.comp.nus.edu.sg, http://www.comp.nus.edu.sg, http://www.comp.nus.edu.sg, pfoetuuhbjuuxahycnkz, nrnglbafkvbqdfouajci, wdgdwrvuigukvjpodooh]
NEWTAB: http://www.comp.nus.edu.sg
[http://www.comp.nus.edu.sg, http://www.comp.nus.edu.sg, http://www.comp.nus.edu.sg, http://www.comp.nus.edu.sg, pfoetuuhbjuuxahycnkz, nrnglbafkvbqdfouajci, wdgdwrvuigukvjpodooh]
NEWTAB: http://www.comp.nus.edu.sg
[http://www.comp.nus.edu.sg, raxcfhhumvyfpsosdkoa, http://www.comp.nus.edu.sg, http://www.comp.nus.edu.sg, http://www.comp.nus.edu.sg, pfoetuuhbjuuxahycnkz, nrnglbafkvbqdfouajci, wdgdwrvuigukvjpodooh]
OPENNEW: http://www.comp.nus.edu.sg
[http://www.comp.nus.edu.sg, raxcfhhumvyfpsosdkoa, http://www.comp.nus.edu.sg, http://www.comp.nus.edu.sg, http://www.comp.nus.edu.sg, pfoetuuhbjuuxahycnkz, nrnglbafkvbqdfouajci, wdgdwrvuigukvjpodooh]
PREVTAB: http://www.comp.nus.edu.sg
[http://www.comp.nus.edu.sg, raxcfhhumvyfpsosdkoa, http://www.comp.nus.edu.sg, http://www.comp.nus.edu.sg, http://www.comp.nus.edu.sg, pfoetuuhbjuuxahycnkz, nrnglbafkvbqdfouajci, wdgdwrvuigukvjpodooh]
NEXTTAB: raxcfhhumvyfpsosdkoa
[http://www.comp.nus.edu.sg, raxcfhhumvyfpsosdkoa, http://www.comp.nus.edu.sg, http://www.comp.nus.edu.sg, http://www.comp.nus.edu.sg, http://www.comp.nus.edu.sg, pfoetuuhbjuuxahycnkz, nrnglbafkvbqdfouajci, wdgdwrvuigukvjpodooh]
NEWTAB: raxcfhhumvyfpsosdkoa
[http://www.comp.nus.edu.sg, raxcfhhumvyfpsosdkoa, http://www.comp.nus.edu.sg, http://www.comp.nus.edu.sg, http://www.comp.nus.edu.sg, http://www.comp.nus.edu.sg, pfoetuuhbjuuxahycnkz, nrnglbafkvbqdfouajci, wdgdwrvuigukvjpodooh]
PREVTAB: http://www.comp.nus.edu.sg
[http://www.comp.nus.edu.sg, npzpvxiwukbcrvqnvyen, raxcfhhumvyfpsosdkoa, http://www.comp.nus.edu.sg, http://www.comp.nus.edu.sg, http://www.comp.nus.edu.sg, http://www.comp.nus.edu.sg, pfoetuuhbjuuxahycnkz, nrnglbafkvbqdfouajci, wdgdwrvuigukvjpodooh]
OPENNEW: http://www.comp.nus.edu.sg
[zsxnvklvzuiqwamtiipt, npzpvxiwukbcrvqnvyen, raxcfhhumvyfpsosdkoa, http://www.comp.nus.edu.sg, http://www.comp.nus.edu.sg, http://www.comp.nus.edu.sg, http://www.comp.nus.edu.sg, pfoetuuhbjuuxahycnkz, nrnglbafkvbqdfouajci, wdgdwrvuigukvjpodooh]
OPENHERE: zsxnvklvzuiqwamtiipt
[npzpvxiwukbcrvqnvyen, raxcfhhumvyfpsosdkoa, http://www.comp.nus.edu.sg, http://www.comp.nus.edu.sg, http://www.comp.nus.edu.sg, http://www.comp.nus.edu.sg, pfoetuuhbjuuxahycnkz, nrnglbafkvbqdfouajci, wdgdwrvuigukvjpodooh]
CLOSETAB: npzpvxiwukbcrvqnvyen
[raxcfhhumvyfpsosdkoa, http://www.comp.nus.edu.sg, http://www.comp.nus.edu.sg, http://www.comp.nus.edu.sg, http://www.comp.nus.edu.sg, pfoetuuhbjuuxahycnkz, nrnglbafkvbqdfouajci, wdgdwrvuigukvjpodooh]
CLOSETAB: raxcfhhumvyfpsosdkoa
[ekzzigowhgtuddgzfcjv, http://www.comp.nus.edu.sg, http://www.comp.nus.edu.sg, http://www.comp.nus.edu.sg, http://www.comp.nus.edu.sg, pfoetuuhbjuuxahycnkz, nrnglbafkvbqdfouajci, wdgdwrvuigukvjpodooh]
OPENHERE: ekzzigowhgtuddgzfcjv
[jhvurlnagbgsbfajvxqe, http://www.comp.nus.edu.sg, http://www.comp.nus.edu.sg, http://www.comp.nus.edu.sg, http://www.comp.nus.edu.sg, pfoetuuhbjuuxahycnkz, nrnglbafkvbqdfouajci, wdgdwrvuigukvjpodooh]
OPENHERE: jhvurlnagbgsbfajvxqe
[jhvurlnagbgsbfajvxqe, http://www.comp.nus.edu.sg, http://www.comp.nus.edu.sg, http://www.comp.nus.edu.sg, http://www.comp.nus.edu.sg, pfoetuuhbjuuxahycnkz, nrnglbafkvbqdfouajci, wdgdwrvuigukvjpodooh]
NEXTTAB: http://www.comp.nus.edu.sg
[jhvurlnagbgsbfajvxqe, hwuibzsyzdgvxximaqog, http://www.comp.nus.edu.sg, http://www.comp.nus.edu.sg, http://www.comp.nus.edu.sg, pfoetuuhbjuuxahycnkz, nrnglbafkvbqdfouajci, wdgdwrvuigukvjpodooh]
OPENHERE: hwuibzsyzdgvxximaqog
[jhvurlnagbgsbfajvxqe, hwuibzsyzdgvxximaqog, http://www.comp.nus.edu.sg, http://www.comp.nus.edu.sg, http://www.comp.nus.edu.sg, pfoetuuhbjuuxahycnkz, nrnglbafkvbqdfouajci, wdgdwrvuigukvjpodooh]
PREVTAB: jhvurlnagbgsbfajvxqe
[jhvurlnagbgsbfajvxqe, olcjkspdexbzfeyzczfk, hwuibzsyzdgvxximaqog, http://www.comp.nus.edu.sg, http://www.comp.nus.edu.sg, http://www.comp.nus.edu.sg, pfoetuuhbjuuxahycnkz, nrnglbafkvbqdfouajci, wdgdwrvuigukvjpodooh]
OPENNEW: jhvurlnagbgsbfajvxqe
[jhvurlnagbgsbfajvxqe, http://www.comp.nus.edu.sg, olcjkspdexbzfeyzczfk, hwuibzsyzdgvxximaqog, http://www.comp.nus.edu.sg, http://www.comp.nus.edu.sg, http://www.comp.nus.edu.sg, pfoetuuhbjuuxahycnkz, nrnglbafkvbqdfouajci, wdgdwrvuigukvjpodooh]
NEWTAB: jhvurlnagbgsbfajvxqe
[jhvurlnagbgsbfajvxqe, http://www.comp.nus.edu.sg, http://www.comp.nus.edu.sg, olcjkspdexbzfeyzczfk, hwuibzsyzdgvxximaqog, http://www.comp.nus.edu.sg, http://www.comp.nus.edu.sg, http://www.comp.nus.edu.sg, pfoetuuhbjuuxahycnkz, nrnglbafkvbqdfouajci, wdgdwrvuigukvjpodooh]
NEWTAB: jhvurlnagbgsbfajvxqe
[grmxhsgaitcueujhagkb, http://www.comp.nus.edu.sg, http://www.comp.nus.edu.sg, olcjkspdexbzfeyzczfk, hwuibzsyzdgvxximaqog, http://www.comp.nus.edu.sg, http://www.comp.nus.edu.sg, http://www.comp.nus.edu.sg, pfoetuuhbjuuxahycnkz, nrnglbafkvbqdfouajci, wdgdwrvuigukvjpodooh]
OPENHERE: grmxhsgaitcueujhagkb
[ozpsbudxzpeqbdzvjzee, http://www.comp.nus.edu.sg, http://www.comp.nus.edu.sg, olcjkspdexbzfeyzczfk, hwuibzsyzdgvxximaqog, http://www.comp.nus.edu.sg, http://www.comp.nus.edu.sg, http://www.comp.nus.edu.sg, pfoetuuhbjuuxahycnkz, nrnglbafkvbqdfouajci, wdgdwrvuigukvjpodooh]
OPENHERE: ozpsbudxzpeqbdzvjzee
[ozpsbudxzpeqbdzvjzee, http://www.comp.nus.edu.sg, http://www.comp.nus.edu.sg, olcjkspdexbzfeyzczfk, hwuibzsyzdgvxximaqog, http://www.comp.nus.edu.sg, http://www.comp.nus.edu.sg, http://www.comp.nus.edu.sg, pfoetuuhbjuuxahycnkz, nrnglbafkvbqdfouajci, wdgdwrvuigukvjpodooh]
PREVTAB: ozpsbudxzpeqbdzvjzee
[ozpsbudxzpeqbdzvjzee, http://www.comp.nus.edu.sg, http://www.comp.nus.edu.sg, olcjkspdexbzfeyzczfk, hwuibzsyzdgvxximaqog, http://www.comp.nus.edu.sg, http://www.comp.nus.edu.sg, http://www.comp.nus.edu.sg, pfoetuuhbjuuxahycnkz, nrnglbafkvbqdfouajci, wdgdwrvuigukvjpodooh]
NEXTTAB: http://www.comp.nus.edu.sg
[ozpsbudxzpeqbdzvjzee, http://www.comp.nus.edu.sg, http://www.comp.nus.edu.sg, olcjkspdexbzfeyzczfk, hwuibzsyzdgvxximaqog, http://www.comp.nus.edu.sg, http://www.comp.nus.edu.sg, http://www.comp.nus.edu.sg, pfoetuuhbjuuxahycnkz, nrnglbafkvbqdfouajci, wdgdwrvuigukvjpodooh]
NEXTTAB: http://www.comp.nus.edu.sg
[ozpsbudxzpeqbdzvjzee, http://www.comp.nus.edu.sg, hrzqbbgrcvkdspbrgfjj, http://www.comp.nus.edu.sg, olcjkspdexbzfeyzczfk, hwuibzsyzdgvxximaqog, http://www.comp.nus.edu.sg, http://www.comp.nus.edu.sg, http://www.comp.nus.edu.sg, pfoetuuhbjuuxahycnkz, nrnglbafkvbqdfouajci, wdgdwrvuigukvjpodooh]
OPENNEW: http://www.comp.nus.edu.sg
[ozpsbudxzpeqbdzvjzee, ievjkzmiilsbkkdnqwqn, hrzqbbgrcvkdspbrgfjj, http://www.comp.nus.edu.sg, olcjkspdexbzfeyzczfk, hwuibzsyzdgvxximaqog, http://www.comp.nus.edu.sg, http://www.comp.nus.edu.sg, http://www.comp.nus.edu.sg, pfoetuuhbjuuxahycnkz, nrnglbafkvbqdfouajci, wdgdwrvuigukvjpodooh]
OPENHERE: ievjkzmiilsbkkdnqwqn
[ozpsbudxzpeqbdzvjzee, ievjkzmiilsbkkdnqwqn, http://www.comp.nus.edu.sg, hrzqbbgrcvkdspbrgfjj, http://www.comp.nus.edu.sg, olcjkspdexbzfeyzczfk, hwuibzsyzdgvxximaqog, http://www.comp.nus.edu.sg, http://www.comp.nus.edu.sg, http://www.comp.nus.edu.sg, pfoetuuhbjuuxahycnkz, nrnglbafkvbqdfouajci, wdgdwrvuigukvjpodooh]
NEWTAB: ievjkzmiilsbkkdnqwqn
[ozpsbudxzpeqbdzvjzee, ievjkzmiilsbkkdnqwqn, http://www.comp.nus.edu.sg, hrzqbbgrcvkdspbrgfjj, http://www.comp.nus.edu.sg, olcjkspdexbzfeyzczfk, hwuibzsyzdgvxximaqog, http://www.comp.nus.edu.sg, http://www.comp.nus.edu.sg, http://www.comp.nus.edu.sg, pfoetuuhbjuuxahycnkz, nrnglbafkvbqdfouajci, wdgdwrvuigukvjpodooh]
PREVTAB: ozpsbudxzpeqbdzvjzee
[ozpsbudxzpeqbdzvjzee, ievjkzmiilsbkkdnqwqn, http://www.comp.nus.edu.sg, hrzqbbgrcvkdspbrgfjj, http://www.comp.nus.edu.sg, olcjkspdexbzfeyzczfk, hwuibzsyzdgvxximaqog, http://www.comp.nus.edu.sg, http://www.comp.nus.edu.sg, http://www.comp.nus.edu.sg, pfoetuuhbjuuxahycnkz, nrnglbafkvbqdfouajci, wdgdwrvuigukvjpodooh]
PREVTAB: ozpsbudxzpeqbdzvjzee
[ozpsbudxzpeqbdzvjzee, ievjkzmiilsbkkdnqwqn, http://www.comp.nus.edu.sg, hrzqbbgrcvkdspbrgfjj, http://www.comp.nus.edu.sg, olcjkspdexbzfeyzczfk, hwuibzsyzdgvxximaqog, http://www.comp.nus.edu.sg, http://www.comp.nus.edu.sg, http://www.comp.nus.edu.sg, pfoetuuhbjuuxahycnkz, nrnglbafkvbqdfouajci, wdgdwrvuigukvjpodooh]
PREVTAB: ozpsbudxzpeqbdzvjzee
[ozpsbudxzpeqbdzvjzee, ievjkzmiilsbkkdnqwqn, http://www.comp.nus.edu.sg, hrzqbbgrcvkdspbrgfjj, http://www.comp.nus.edu.sg, olcjkspdexbzfeyzczfk, hwuibzsyzdgvxximaqog, http://www.comp.nus.edu.sg, http://www.comp.nus.edu.sg, http://www.comp.nus.edu.sg, pfoetuuhbjuuxahycnkz, nrnglbafkvbqdfouajci, wdgdwrvuigukvjpodooh]
NEXTTAB: ievjkzmiilsbkkdnqwqn
[ozpsbudxzpeqbdzvjzee, ievjkzmiilsbkkdnqwqn, http://www.comp.nus.edu.sg, hrzqbbgrcvkdspbrgfjj, http://www.comp.nus.edu.sg, olcjkspdexbzfeyzczfk, hwuibzsyzdgvxximaqog, http://www.comp.nus.edu.sg, http://www.comp.nus.edu.sg, http://www.comp.nus.edu.sg, pfoetuuhbjuuxahycnkz, nrnglbafkvbqdfouajci, wdgdwrvuigukvjpodooh]
NEXTTAB: http://www.comp.nus.edu.sg
[ozpsbudxzpeqbdzvjzee, ievjkzmiilsbkkdnqwqn, hrzqbbgrcvkdspbrgfjj, http://www.comp.nus.edu.sg, olcjkspdexbzfeyzczfk, hwuibzsyzdgvxximaqog, http://www.comp.nus.edu.sg, http://www.comp.nus.edu.sg, http://www.comp.nus.edu.sg, pfoetuuhbjuuxahycnkz, nrnglbafkvbqdfouajci, wdgdwrvuigukvjpodooh]
CLOSETAB: hrzqbbgrcvkdspbrgfjj
[ozpsbudxzpeqbdzvjzee, ievjkzmiilsbkkdnqwqn, hrzqbbgrcvkdspbrgfjj, holrvgafiooqbiroswbk, http://www.comp.nus.edu.sg, olcjkspdexbzfeyzczfk, hwuibzsyzdgvxximaqog, http://www.comp.nus.edu.sg, http://www.comp.nus.edu.sg, http://www.comp.nus.edu.sg, pfoetuuhbjuuxahycnkz, nrnglbafkvbqdfouajci, wdgdwrvuigukvjpodooh]
OPENNEW: hrzqbbgrcvkdspbrgfjj
[ozpsbudxzpeqbdzvjzee, ievjkzmiilsbkkdnqwqn, hrzqbbgrcvkdspbrgfjj, holrvgafiooqbiroswbk, http://www.comp.nus.edu.sg, olcjkspdexbzfeyzczfk, hwuibzsyzdgvxximaqog, http://www.comp.nus.edu.sg, http://www.comp.nus.edu.sg, http://www.comp.nus.edu.sg, pfoetuuhbjuuxahycnkz, nrnglbafkvbqdfouajci, wdgdwrvuigukvjpodooh]
PREVTAB: ievjkzmiilsbkkdnqwqn
[ozpsbudxzpeqbdzvjzee, ievjkzmiilsbkkdnqwqn, hrzqbbgrcvkdspbrgfjj, holrvgafiooqbiroswbk, http://www.comp.nus.edu.sg, olcjkspdexbzfeyzczfk, hwuibzsyzdgvxximaqog, http://www.comp.nus.edu.sg, http://www.comp.nus.edu.sg, http://www.comp.nus.edu.sg, pfoetuuhbjuuxahycnkz, nrnglbafkvbqdfouajci, wdgdwrvuigukvjpodooh]
PREVTAB: ozpsbudxzpeqbdzvjzee
[ozpsbudxzpeqbdzvjzee, dlfdhdkjnzweufhbnvpf, ievjkzmiilsbkkdnqwqn, hrzqbbgrcvkdspbrgfjj, holrvgafiooqbiroswbk, http://www.comp.nus.edu.sg, olcjkspdexbzfeyzczfk, hwuibzsyzdgvxximaqog, http://www.comp.nus.edu.sg, http://www.comp.nus.edu.sg, http://www.comp.nus.edu.sg, pfoetuuhbjuuxahycnkz, nrnglbafkvbqdfouajci, wdgdwrvuigukvjpodooh]
OPENNEW: ozpsbudxzpeqbdzvjzee
[dlfdhdkjnzweufhbnvpf, ievjkzmiilsbkkdnqwqn, hrzqbbgrcvkdspbrgfjj, holrvgafiooqbiroswbk, http://www.comp.nus.edu.sg, olcjkspdexbzfeyzczfk, hwuibzsyzdgvxximaqog, http://www.comp.nus.edu.sg, http://www.comp.nus.edu.sg, http://www.comp.nus.edu.sg, pfoetuuhbjuuxahycnkz, nrnglbafkvbqdfouajci, wdgdwrvuigukvjpodooh]
CLOSETAB: dlfdhdkjnzweufhbnvpf
[dlfdhdkjnzweufhbnvpf, ynrxobsgbvtgaalllymi, ievjkzmiilsbkkdnqwqn, hrzqbbgrcvkdspbrgfjj, holrvgafiooqbiroswbk, http://www.comp.nus.edu.sg, olcjkspdexbzfeyzczfk, hwuibzsyzdgvxximaqog, http://www.comp.nus.edu.sg, http://www.comp.nus.edu.sg, http://www.comp.nus.edu.sg, pfoetuuhbjuuxahycnkz, nrnglbafkvbqdfouajci, wdgdwrvuigukvjpodooh]
OPENNEW: dlfdhdkjnzweufhbnvpf
[ynrxobsgbvtgaalllymi, ievjkzmiilsbkkdnqwqn, hrzqbbgrcvkdspbrgfjj, holrvgafiooqbiroswbk, http://www.comp.nus.edu.sg, olcjkspdexbzfeyzczfk, hwuibzsyzdgvxximaqog, http://www.comp.nus.edu.sg, http://www.comp.nus.edu.sg, http://www.comp.nus.edu.sg, pfoetuuhbjuuxahycnkz, nrnglbafkvbqdfouajci, wdgdwrvuigukvjpodooh]
CLOSETAB: ynrxobsgbvtgaalllymi
[ynrxobsgbvtgaalllymi, http://www.comp.nus.edu.sg, ievjkzmiilsbkkdnqwqn, hrzqbbgrcvkdspbrgfjj, holrvgafiooqbiroswbk, http://www.comp.nus.edu.sg, olcjkspdexbzfeyzczfk, hwuibzsyzdgvxximaqog, http://www.comp.nus.edu.sg, http://www.comp.nus.edu.sg, http://www.comp.nus.edu.sg, pfoetuuhbjuuxahycnkz, nrnglbafkvbqdfouajci, wdgdwrvuigukvjpodooh]
NEWTAB: ynrxobsgbvtgaalllymi
[ynrxobsgbvtgaalllymi, http://www.comp.nus.edu.sg, ievjkzmiilsbkkdnqwqn, hrzqbbgrcvkdspbrgfjj, holrvgafiooqbiroswbk, http://www.comp.nus.edu.sg, olcjkspdexbzfeyzczfk, hwuibzsyzdgvxximaqog, http://www.comp.nus.edu.sg, http://www.comp.nus.edu.sg, http://www.comp.nus.edu.sg, pfoetuuhbjuuxahycnkz, nrnglbafkvbqdfouajci, wdgdwrvuigukvjpodooh]
PREVTAB: ynrxobsgbvtgaalllymi
[jcjbhiafvuckvwsyuleu, http://www.comp.nus.edu.sg, ievjkzmiilsbkkdnqwqn, hrzqbbgrcvkdspbrgfjj, holrvgafiooqbiroswbk, http://www.comp.nus.edu.sg, olcjkspdexbzfeyzczfk, hwuibzsyzdgvxximaqog, http://www.comp.nus.edu.sg, http://www.comp.nus.edu.sg, http://www.comp.nus.edu.sg, pfoetuuhbjuuxahycnkz, nrnglbafkvbqdfouajci, wdgdwrvuigukvjpodooh]
OPENHERE: jcjbhiafvuckvwsyuleu
[http://www.comp.nus.edu.sg, ievjkzmiilsbkkdnqwqn, hrzqbbgrcvkdspbrgfjj, holrvgafiooqbiroswbk, http://www.comp.nus.edu.sg, olcjkspdexbzfeyzczfk, hwuibzsyzdgvxximaqog, http://www.comp.nus.edu.sg, http://www.comp.nus.edu.sg, http://www.comp.nus.edu.sg, pfoetuuhbjuuxahycnkz, nrnglbafkvbqdfouajci, wdgdwrvuigukvjpodooh]
CLOSETAB: http://www.comp.nus.edu.sg
[hxsvhxdujpyvsfdumzor, ievjkzmiilsbkkdnqwqn, hrzqbbgrcvkdspbrgfjj, holrvgafiooqbiroswbk, http://www.comp.nus.edu.sg, olcjkspdexbzfeyzczfk, hwuibzsyzdgvxximaqog, http://www.comp.nus.edu.sg, http://www.comp.nus.edu.sg, http://www.comp.nus.edu.sg, pfoetuuhbjuuxahycnkz, nrnglbafkvbqdfouajci, wdgdwrvuigukvjpodooh]
OPENHERE: hxsvhxdujpyvsfdumzor
[ievjkzmiilsbkkdnqwqn, hrzqbbgrcvkdspbrgfjj, holrvgafiooqbiroswbk, http://www.comp.nus.edu.sg, olcjkspdexbzfeyzczfk, hwuibzsyzdgvxximaqog, http://www.comp.nus.edu.sg, http://www.comp.nus.edu.sg, http://www.comp.nus.edu.sg, pfoetuuhbjuuxahycnkz, nrnglbafkvbqdfouajci, wdgdwrvuigukvjpodooh]
CLOSETAB: ievjkzmiilsbkkdnqwqn
[ndihopezjnybjfbobmfz, hrzqbbgrcvkdspbrgfjj, holrvgafiooqbiroswbk, http://www.comp.nus.edu.sg, olcjkspdexbzfeyzczfk, hwuibzsyzdgvxximaqog, http://www.comp.nus.edu.sg, http://www.comp.nus.edu.sg, http://www.comp.nus.edu.sg, pfoetuuhbjuuxahycnkz, nrnglbafkvbqdfouajci, wdgdwrvuigukvjpodooh]
OPENHERE: ndihopezjnybjfbobmfz
[ndihopezjnybjfbobmfz, hrzqbbgrcvkdspbrgfjj, holrvgafiooqbiroswbk, http://www.comp.nus.edu.sg, olcjkspdexbzfeyzczfk, hwuibzsyzdgvxximaqog, http://www.comp.nus.edu.sg, http://www.comp.nus.edu.sg, http://www.comp.nus.edu.sg, pfoetuuhbjuuxahycnkz, nrnglbafkvbqdfouajci, wdgdwrvuigukvjpodooh]
PREVTAB: ndihopezjnybjfbobmfz
[ndihopezjnybjfbobmfz, hrzqbbgrcvkdspbrgfjj, holrvgafiooqbiroswbk, http://www.comp.nus.edu.sg, olcjkspdexbzfeyzczfk, hwuibzsyzdgvxximaqog, http://www.comp.nus.edu.sg, http://www.comp.nus.edu.sg, http://www.comp.nus.edu.sg, pfoetuuhbjuuxahycnkz, nrnglbafkvbqdfouajci, wdgdwrvuigukvjpodooh]
PREVTAB: ndihopezjnybjfbobmfz
[ndihopezjnybjfbobmfz, http://www.comp.nus.edu.sg, hrzqbbgrcvkdspbrgfjj, holrvgafiooqbiroswbk, http://www.comp.nus.edu.sg, olcjkspdexbzfeyzczfk, hwuibzsyzdgvxximaqog, http://www.comp.nus.edu.sg, http://www.comp.nus.edu.sg, http://www.comp.nus.edu.sg, pfoetuuhbjuuxahycnkz, nrnglbafkvbqdfouajci, wdgdwrvuigukvjpodooh]
NEWTAB: ndihopezjnybjfbobmfz
[http://www.comp.nus.edu.sg, hrzqbbgrcvkdspbrgfjj, holrvgafiooqbiroswbk, http://www.comp.nus.edu.sg, olcjkspdexbzfeyzczfk, hwuibzsyzdgvxximaqog, http://www.comp.nus.edu.sg, http://www.comp.nus.edu.sg, http://www.comp.nus.edu.sg, pfoetuuhbjuuxahycnkz, nrnglbafkvbqdfouajci, wdgdwrvuigukvjpodooh]
CLOSETAB: http://www.comp.nus.edu.sg
[http://www.comp.nus.edu.sg, http://www.comp.nus.edu.sg, hrzqbbgrcvkdspbrgfjj, holrvgafiooqbiroswbk, http://www.comp.nus.edu.sg, olcjkspdexbzfeyzczfk, hwuibzsyzdgvxximaqog, http://www.comp.nus.edu.sg, http://www.comp.nus.edu.sg, http://www.comp.nus.edu.sg, pfoetuuhbjuuxahycnkz, nrnglbafkvbqdfouajci, wdgdwrvuigukvjpodooh]
NEWTAB: http://www.comp.nus.edu.sg
[http://www.comp.nus.edu.sg, mgmxsbcdlqsrrdesgpxh, http://www.comp.nus.edu.sg, hrzqbbgrcvkdspbrgfjj, holrvgafiooqbiroswbk, http://www.comp.nus.edu.sg, olcjkspdexbzfeyzczfk, hwuibzsyzdgvxximaqog, http://www.comp.nus.edu.sg, http://www.comp.nus.edu.sg, http://www.comp.nus.edu.sg, pfoetuuhbjuuxahycnkz, nrnglbafkvbqdfouajci, wdgdwrvuigukvjpodooh]
OPENNEW: http://www.comp.nus.edu.sg
[http://www.comp.nus.edu.sg, mgmxsbcdlqsrrdesgpxh, http://www.comp.nus.edu.sg, hrzqbbgrcvkdspbrgfjj, holrvgafiooqbiroswbk, http://www.comp.nus.edu.sg, olcjkspdexbzfeyzczfk, hwuibzsyzdgvxximaqog, http://www.comp.nus.edu.sg, http://www.comp.nus.edu.sg, http://www.comp.nus.edu.sg, pfoetuuhbjuuxahycnkz, nrnglbafkvbqdfouajci, wdgdwrvuigukvjpodooh]
NEXTTAB: mgmxsbcdlqsrrdesgpxh
[http://www.comp.nus.edu.sg, mgmxsbcdlqsrrdesgpxh, ujadhjobeajszcvbfgtz, http://www.comp.nus.edu.sg, hrzqbbgrcvkdspbrgfjj, holrvgafiooqbiroswbk, http://www.comp.nus.edu.sg, olcjkspdexbzfeyzczfk, hwuibzsyzdgvxximaqog, http://www.comp.nus.edu.sg, http://www.comp.nus.edu.sg, http://www.comp.nus.edu.sg, pfoetuuhbjuuxahycnkz, nrnglbafkvbqdfouajci, wdgdwrvuigukvjpodooh]
OPENNEW: mgmxsbcdlqsrrdesgpxh
[http://www.comp.nus.edu.sg, mgmxsbcdlqsrrdesgpxh, ncgfkvcszdolerunivtk, ujadhjobeajszcvbfgtz, http://www.comp.nus.edu.sg, hrzqbbgrcvkdspbrgfjj, holrvgafiooqbiroswbk, http://www.comp.nus.edu.sg, olcjkspdexbzfeyzczfk, hwuibzsyzdgvxximaqog, http://www.comp.nus.edu.sg, http://www.comp.nus.edu.sg, http://www.comp.nus.edu.sg, pfoetuuhbjuuxahycnkz, nrnglbafkvbqdfouajci, wdgdwrvuigukvjpodooh]
OPENNEW: mgmxsbcdlqsrrdesgpxh
[http://www.comp.nus.edu.sg, lkggnnphmquqwzbsdvrh, ncgfkvcszdolerunivtk, ujadhjobeajszcvbfgtz, http://www.comp.nus.edu.sg, hrzqbbgrcvkdspbrgfjj, holrvgafiooqbiroswbk, http://www.comp.nus.edu.sg, olcjkspdexbzfeyzczfk, hwuibzsyzdgvxximaqog, http://www.comp.nus.edu.sg, http://www.comp.nus.edu.sg, http://www.comp.nus.edu.sg, pfoetuuhbjuuxahycnkz, nrnglbafkvbqdfouajci, wdgdwrvuigukvjpodooh]
OPENHERE: lkggnnphmquqwzbsdvrh
[http://www.comp.nus.edu.sg, lkggnnphmquqwzbsdvrh, cncycktvvaihgquwfdky, ncgfkvcszdolerunivtk, ujadhjobeajszcvbfgtz, http://www.comp.nus.edu.sg, hrzqbbgrcvkdspbrgfjj, holrvgafiooqbiroswbk, http://www.comp.nus.edu.sg, olcjkspdexbzfeyzczfk, hwuibzsyzdgvxximaqog, http://www.comp.nus.edu.sg, http://www.comp.nus.edu.sg, http://www.comp.nus.edu.sg, pfoetuuhbjuuxahycnkz, nrnglbafkvbqdfouajci, wdgdwrvuigukvjpodooh]
OPENNEW: lkggnnphmquqwzbsdvrh
[http://www.comp.nus.edu.sg, cncycktvvaihgquwfdky, ncgfkvcszdolerunivtk, ujadhjobeajszcvbfgtz, http://www.comp.nus.edu.sg, hrzqbbgrcvkdspbrgfjj, holrvgafiooqbiroswbk, http://www.comp.nus.edu.sg, olcjkspdexbzfeyzczfk, hwuibzsyzdgvxximaqog, http://www.comp.nus.edu.sg, http://www.comp.nus.edu.sg, http://www.comp.nus.edu.sg, pfoetuuhbjuuxahycnkz, nrnglbafkvbqdfouajci, wdgdwrvuigukvjpodooh]
CLOSETAB: cncycktvvaihgquwfdky
[http://www.comp.nus.edu.sg, cncycktvvaihgquwfdky, ncgfkvcszdolerunivtk, ujadhjobeajszcvbfgtz, http://www.comp.nus.edu.sg, hrzqbbgrcvkdspbrgfjj, holrvgafiooqbiroswbk, http://www.comp.nus.edu.sg, olcjkspdexbzfeyzczfk, hwuibzsyzdgvxximaqog, http://www.comp.nus.edu.sg, http://www.comp.nus.edu.sg, http://www.comp.nus.edu.sg, pfoetuuhbjuuxahycnkz, nrnglbafkvbqdfouajci, wdgdwrvuigukvjpodooh]
PREVTAB: http://www.comp.nus.edu.sg
[http://www.comp.nus.edu.sg, http://www.comp.nus.edu.sg, cncycktvvaihgquwfdky, ncgfkvcszdolerunivtk, ujadhjobeajszcvbfgtz, http://www.comp.nus.edu.sg, hrzqbbgrcvkdspbrgfjj, holrvgafiooqbiroswbk, http://www.comp.nus.edu.sg, olcjkspdexbzfeyzczfk, hwuibzsyzdgvxximaqog, http://www.comp.nus.edu.sg, http://www.comp.nus.edu.sg, http://www.comp.nus.edu.sg, pfoetuuhbjuuxahycnkz, nrnglbafkvbqdfouajci, wdgdwrvuigukvjpodooh]
NEWTAB: http://www.comp.nus.edu.sg
[http://www.comp.nus.edu.sg, http://www.comp.nus.edu.sg, http://www.comp.nus.edu.sg, cncycktvvaihgquwfdky, ncgfkvcszdolerunivtk, ujadhjobeajszcvbfgtz, http://www.comp.nus.edu.sg, hrzqbbgrcvkdspbrgfjj, holrvgafiooqbiroswbk, http://www.comp.nus.edu.sg, olcjkspdexbzfeyzczfk, hwuibzsyzdgvxximaqog, http://www.comp.nus.edu.sg, http://www.comp.nus.edu.sg, http://www.comp.nus.edu.sg, pfoetuuhbjuuxahycnkz, nrnglbafkvbqdfouajci, wdgdwrvuigukvjpodooh]
NEWTAB: http://www.comp.nus.edu.sg
[http://www.comp.nus.edu.sg, http://www.comp.nus.edu.sg, http://www.comp.nus.edu.sg, cncycktvvaihgquwfdky, ncgfkvcszdolerunivtk, ujadhjobeajszcvbfgtz, http://www.comp.nus.edu.sg, hrzqbbgrcvkdspbrgfjj, holrvgafiooqbiroswbk, http://www.comp.nus.edu.sg, olcjkspdexbzfeyzczfk, hwuibzsyzdgvxximaqog, http://www.comp.nus.edu.sg, http://www.comp.nus.edu.sg, http://www.comp.nus.edu.sg, pfoetuuhbjuuxahycnkz, nrnglbafkvbqdfouajci, wdgdwrvuigukvjpodooh]
NEXTTAB: http://www.comp.nus.edu.sg
[ebgnmkcqjebczyejhlzb, http://www.comp.nus.edu.sg, http://www.comp.nus.edu.sg, cncycktvvaihgquwfdky, ncgfkvcszdolerunivtk, ujadhjobeajszcvbfgtz, http://www.comp.nus.edu.sg, hrzqbbgrcvkdspbrgfjj, holrvgafiooqbiroswbk, http://www.comp.nus.edu.sg, olcjkspdexbzfeyzczfk, hwuibzsyzdgvxximaqog, http://www.comp.nus.edu.sg, http://www.comp.nus.edu.sg, http://www.comp.nus.edu.sg, pfoetuuhbjuuxahycnkz, nrnglbafkvbqdfouajci, wdgdwrvuigukvjpodooh]
OPENHERE: ebgnmkcqjebczyejhlzb
[http://www.comp.nus.edu.sg, http://www.comp.nus.edu.sg, cncycktvvaihgquwfdky, ncgfkvcszdolerunivtk, ujadhjobeajszcvbfgtz, http://www.comp.nus.edu.sg, hrzqbbgrcvkdspbrgfjj, holrvgafiooqbiroswbk, http://www.comp.nus.edu.sg, olcjkspdexbzfeyzczfk, hwuibzsyzdgvxximaqog, http://www.comp.nus.edu.sg, http://www.comp.nus.edu.sg, http://www.comp.nus.edu.sg, pfoetuuhbjuuxahycnkz, nrnglbafkvbqdfouajci, wdgdwrvuigukvjpodooh]
CLOSETAB: http://www.comp.nus.edu.sg
[http://www.comp.nus.edu.sg, htfiwzjcopfuerggipkl, http://www.comp.nus.edu.sg, cncycktvvaihgquwfdky, ncgfkvcszdolerunivtk, ujadhjobeajszcvbfgtz, http://www.comp.nus.edu.sg, hrzqbbgrcvkdspbrgfjj, holrvgafiooqbiroswbk, http://www.comp.nus.edu.sg, olcjkspdexbzfeyzczfk, hwuibzsyzdgvxximaqog, http://www.comp.nus.edu.sg, http://www.comp.nus.edu.sg, http://www.comp.nus.edu.sg, pfoetuuhbjuuxahycnkz, nrnglbafkvbqdfouajci, wdgdwrvuigukvjpodooh]
OPENNEW: http://www.comp.nus.edu.sg
[http://www.comp.nus.edu.sg, http://www.comp.nus.edu.sg, htfiwzjcopfuerggipkl, http://www.comp.nus.edu.sg, cncycktvvaihgquwfdky, ncgfkvcszdolerunivtk, ujadhjobeajszcvbfgtz, http://www.comp.nus.edu.sg, hrzqbbgrcvkdspbrgfjj, holrvgafiooqbiroswbk, http://www.comp.nus.edu.sg, olcjkspdexbzfeyzczfk, hwuibzsyzdgvxximaqog, http://www.comp.nus.edu.sg, http://www.comp.nus.edu.sg, http://www.comp.nus.edu.sg, pfoetuuhbjuuxahycnkz, nrnglbafkvbqdfouajci, wdgdwrvuigukvjpodooh]
NEWTAB: http://www.comp.nus.edu.sg
[http://www.comp.nus.edu.sg, http://www.comp.nus.edu.sg, htfiwzjcopfuerggipkl, http://www.comp.nus.edu.sg, cncycktvvaihgquwfdky, ncgfkvcszdolerunivtk, ujadhjobeajszcvbfgtz, http://www.comp.nus.edu.sg, hrzqbbgrcvkdspbrgfjj, holrvgafiooqbiroswbk, http://www.comp.nus.edu.sg, olcjkspdexbzfeyzczfk, hwuibzsyzdgvxximaqog, http://www.comp.nus.edu.sg, http://www.comp.nus.edu.sg, http://www.comp.nus.edu.sg, pfoetuuhbjuuxahycnkz, nrnglbafkvbqdfouajci, wdgdwrvuigukvjpodooh]
PREVTAB: http://www.comp.nus.edu.sg
[http://www.comp.nus.edu.sg, http://www.comp.nus.edu.sg, htfiwzjcopfuerggipkl, http://www.comp.nus.edu.sg, cncycktvvaihgquwfdky, ncgfkvcszdolerunivtk, ujadhjobeajszcvbfgtz, http://www.comp.nus.edu.sg, hrzqbbgrcvkdspbrgfjj, holrvgafiooqbiroswbk, http://www.comp.nus.edu.sg, olcjkspdexbzfeyzczfk, hwuibzsyzdgvxximaqog, http://www.comp.nus.edu.sg, http://www.comp.nus.edu.sg, http://www.comp.nus.edu.sg, pfoetuuhbjuuxahycnkz, nrnglbafkvbqdfouajci, wdgdwrvuigukvjpodooh]
PREVTAB: http://www.comp.nus.edu.sg
[uslvvuccqjnmjyrzpwtt, http://www.comp.nus.edu.sg, htfiwzjcopfuerggipkl, http://www.comp.nus.edu.sg, cncycktvvaihgquwfdky, ncgfkvcszdolerunivtk, ujadhjobeajszcvbfgtz, http://www.comp.nus.edu.sg, hrzqbbgrcvkdspbrgfjj, holrvgafiooqbiroswbk, http://www.comp.nus.edu.sg, olcjkspdexbzfeyzczfk, hwuibzsyzdgvxximaqog, http://www.comp.nus.edu.sg, http://www.comp.nus.edu.sg, http://www.comp.nus.edu.sg, pfoetuuhbjuuxahycnkz, nrnglbafkvbqdfouajci, wdgdwrvuigukvjpodooh]
OPENHERE: uslvvuccqjnmjyrzpwtt
[bzarllnywluqzplvsqlb, http://www.comp.nus.edu.sg, htfiwzjcopfuerggipkl, http://www.comp.nus.edu.sg, cncycktvvaihgquwfdky, ncgfkvcszdolerunivtk, ujadhjobeajszcvbfgtz, http://www.comp.nus.edu.sg, hrzqbbgrcvkdspbrgfjj, holrvgafiooqbiroswbk, http://www.comp.nus.edu.sg, olcjkspdexbzfeyzczfk, hwuibzsyzdgvxximaqog, http://www.comp.nus.edu.sg, http://www.comp.nus.edu.sg, http://www.comp.nus.edu.sg, pfoetuuhbjuuxahycnkz, nrnglbafkvbqdfouajci, wdgdwrvuigukvjpodooh]
OPENHERE: bzarllnywluqzplvsqlb
[http://www.comp.nus.edu.sg, htfiwzjcopfuerggipkl, http://www.comp.nus.edu.sg, cncycktvvaihgquwfdky, ncgfkvcszdolerunivtk, ujadhjobeajszcvbfgtz, http://www.comp.nus.edu.sg, hrzqbbgrcvkdspbrgfjj, holrvgafiooqbiroswbk, http://www.comp.nus.edu.sg, olcjkspdexbzfeyzczfk, hwuibzsyzdgvxximaqog, http://www.comp.nus.edu.sg, http://www.comp.nus.edu.sg, http://www.comp.nus.edu.sg, pfoetuuhbjuuxahycnkz, nrnglbafkvbqdfouajci, wdgdwrvuigukvjpodooh]
CLOSETAB: http://www.comp.nus.edu.sg
[http://www.comp.nus.edu.sg, htfiwzjcopfuerggipkl, http://www.comp.nus.edu.sg, cncycktvvaihgquwfdky, ncgfkvcszdolerunivtk, ujadhjobeajszcvbfgtz, http://www.comp.nus.edu.sg, hrzqbbgrcvkdspbrgfjj, holrvgafiooqbiroswbk, http://www.comp.nus.edu.sg, olcjkspdexbzfeyzczfk, hwuibzsyzdgvxximaqog, http://www.comp.nus.edu.sg, http://www.comp.nus.edu.sg, http://www.comp.nus.edu.sg, pfoetuuhbjuuxahycnkz, nrnglbafkvbqdfouajci, wdgdwrvuigukvjpodooh]
NEXTTAB: htfiwzjcopfuerggipkl
[http://www.comp.nus.edu.sg, htfiwzjcopfuerggipkl, http://www.comp.nus.edu.sg, cncycktvvaihgquwfdky, ncgfkvcszdolerunivtk, ujadhjobeajszcvbfgtz, http://www.comp.nus.edu.sg, hrzqbbgrcvkdspbrgfjj, holrvgafiooqbiroswbk, http://www.comp.nus.edu.sg, olcjkspdexbzfeyzczfk, hwuibzsyzdgvxximaqog, http://www.comp.nus.edu.sg, http://www.comp.nus.edu.sg, http://www.comp.nus.edu.sg, pfoetuuhbjuuxahycnkz, nrnglbafkvbqdfouajci, wdgdwrvuigukvjpodooh]
NEXTTAB: http://www.comp.nus.edu.sg
[http://www.comp.nus.edu.sg, htfiwzjcopfuerggipkl, http://www.comp.nus.edu.sg, cncycktvvaihgquwfdky, ncgfkvcszdolerunivtk, ujadhjobeajszcvbfgtz, http://www.comp.nus.edu.sg, hrzqbbgrcvkdspbrgfjj, holrvgafiooqbiroswbk, http://www.comp.nus.edu.sg, olcjkspdexbzfeyzczfk, hwuibzsyzdgvxximaqog, http://www.comp.nus.edu.sg, http://www.comp.nus.edu.sg, http://www.comp.nus.edu.sg, pfoetuuhbjuuxahycnkz, nrnglbafkvbqdfouajci, wdgdwrvuigukvjpodooh]
PREVTAB: http://www.comp.nus.edu.sg
[http://www.comp.nus.edu.sg, htfiwzjcopfuerggipkl, http://www.comp.nus.edu.sg, cncycktvvaihgquwfdky, ncgfkvcszdolerunivtk, ujadhjobeajszcvbfgtz, http://www.comp.nus.edu.sg, hrzqbbgrcvkdspbrgfjj, holrvgafiooqbiroswbk, http://www.comp.nus.edu.sg, olcjkspdexbzfeyzczfk, hwuibzsyzdgvxximaqog, http://www.comp.nus.edu.sg, http://www.comp.nus.edu.sg, http://www.comp.nus.edu.sg, pfoetuuhbjuuxahycnkz, nrnglbafkvbqdfouajci, wdgdwrvuigukvjpodooh]
PREVTAB: http://www.comp.nus.edu.sg
[http://www.comp.nus.edu.sg, htfiwzjcopfuerggipkl, http://www.comp.nus.edu.sg, cncycktvvaihgquwfdky, ncgfkvcszdolerunivtk, ujadhjobeajszcvbfgtz, http://www.comp.nus.edu.sg, hrzqbbgrcvkdspbrgfjj, holrvgafiooqbiroswbk, http://www.comp.nus.edu.sg, olcjkspdexbzfeyzczfk, hwuibzsyzdgvxximaqog, http://www.comp.nus.edu.sg, http://www.comp.nus.edu.sg, http://www.comp.nus.edu.sg, pfoetuuhbjuuxahycnkz, nrnglbafkvbqdfouajci, wdgdwrvuigukvjpodooh]
PREVTAB: http://www.comp.nus.edu.sg
[http://www.comp.nus.edu.sg, htfiwzjcopfuerggipkl, http://www.comp.nus.edu.sg, cncycktvvaihgquwfdky, ncgfkvcszdolerunivtk, ujadhjobeajszcvbfgtz, http://www.comp.nus.edu.sg, hrzqbbgrcvkdspbrgfjj, holrvgafiooqbiroswbk, http://www.comp.nus.edu.sg, olcjkspdexbzfeyzczfk, hwuibzsyzdgvxximaqog, http://www.comp.nus.edu.sg, http://www.comp.nus.edu.sg, http://www.comp.nus.edu.sg, pfoetuuhbjuuxahycnkz, nrnglbafkvbqdfouajci, wdgdwrvuigukvjpodooh]
NEXTTAB: htfiwzjcopfuerggipkl
[http://www.comp.nus.edu.sg, htfiwzjcopfuerggipkl, glfimfbxsoxqbrgcgsya, http://www.comp.nus.edu.sg, cncycktvvaihgquwfdky, ncgfkvcszdolerunivtk, ujadhjobeajszcvbfgtz, http://www.comp.nus.edu.sg, hrzqbbgrcvkdspbrgfjj, holrvgafiooqbiroswbk, http://www.comp.nus.edu.sg, olcjkspdexbzfeyzczfk, hwuibzsyzdgvxximaqog, http://www.comp.nus.edu.sg, http://www.comp.nus.edu.sg, http://www.comp.nus.edu.sg, pfoetuuhbjuuxahycnkz, nrnglbafkvbqdfouajci, wdgdwrvuigukvjpodooh]
OPENNEW: htfiwzjcopfuerggipkl
[http://www.comp.nus.edu.sg, lellsoeegwmrbwdjxcdn, glfimfbxsoxqbrgcgsya, http://www.comp.nus.edu.sg, cncycktvvaihgquwfdky, ncgfkvcszdolerunivtk, ujadhjobeajszcvbfgtz, http://www.comp.nus.edu.sg, hrzqbbgrcvkdspbrgfjj, holrvgafiooqbiroswbk, http://www.comp.nus.edu.sg, olcjkspdexbzfeyzczfk, hwuibzsyzdgvxximaqog, http://www.comp.nus.edu.sg, http://www.comp.nus.edu.sg, http://www.comp.nus.edu.sg, pfoetuuhbjuuxahycnkz, nrnglbafkvbqdfouajci, wdgdwrvuigukvjpodooh]
OPENHERE: lellsoeegwmrbwdjxcdn
[http://www.comp.nus.edu.sg, lellsoeegwmrbwdjxcdn, glfimfbxsoxqbrgcgsya, http://www.comp.nus.edu.sg, cncycktvvaihgquwfdky, ncgfkvcszdolerunivtk, ujadhjobeajszcvbfgtz, http://www.comp.nus.edu.sg, hrzqbbgrcvkdspbrgfjj, holrvgafiooqbiroswbk, http://www.comp.nus.edu.sg, olcjkspdexbzfeyzczfk, hwuibzsyzdgvxximaqog, http://www.comp.nus.edu.sg, http://www.comp.nus.edu.sg, http://www.comp.nus.edu.sg, pfoetuuhbjuuxahycnkz, nrnglbafkvbqdfouajci, wdgdwrvuigukvjpodooh]
PREVTAB: http://www.comp.nus.edu.sg
