http://www.comp.nus.edu.sg
http://www.comp.nus.edu.sg
http://www.comp.nus.edu.sg
http://www.comp.nus.edu.sg
http://www.comp.nus.edu.sg
http://www.comp.nus.edu.sg
http://www.comp.nus.edu.sg
http://www.comp.nus.edu.sg
raxcfhhumvyfpsosdkoa
raxcfhhumvyfpsosdkoa
http://www.comp.nus.edu.sg
http://www.comp.nus.edu.sg
zsxnvklvzuiqwamtiipt
npzpvxiwukbcrvqnvyen
raxcfhhumvyfpsosdkoa
ekzzigowhgtuddgzfcjv
jhvurlnagbgsbfajvxqe
http://www.comp.nus.edu.sg
hwuibzsyzdgvxximaqog
jhvurlnagbgsbfajvxqe
jhvurlnagbgsbfajvxqe
jhvurlnagbgsbfajvxqe
jhvurlnagbgsbfajvxqe
grmxhsgaitcueujhagkb
ozpsbudxzpeqbdzvjzee
ozpsbudxzpeqbdzvjzee
http://www.comp.nus.edu.sg
http://www.comp.nus.edu.sg
http://www.comp.nus.edu.sg
ievjkzmiilsbkkdnqwqn
ievjkzmiilsbkkdnqwqn
http://www.comp.nus.edu.sg
ozpsbudxzpeqbdzvjzee
ozpsbudxzpeqbdzvjzee
http://www.comp.nus.edu.sg
ievjkzmiilsbkkdnqwqn
http://www.comp.nus.edu.sg
http://www.comp.nus.edu.sg
http://www.comp.nus.edu.sg
ozpsbudxzpeqbdzvjzee
ozpsbudxzpeqbdzvjzee
dlfdhdkjnzweufhbnvpf
dlfdhdkjnzweufhbnvpf
ynrxobsgbvtgaalllymi
ynrxobsgbvtgaalllymi
ynrxobsgbvtgaalllymi
jcjbhiafvuckvwsyuleu
http://www.comp.nus.edu.sg
hxsvhxdujpyvsfdumzor
http://www.comp.nus.edu.sg
ndihopezjnybjfbobmfz
ndihopezjnybjfbobmfz
ndihopezjnybjfbobmfz
ndihopezjnybjfbobmfz
http://www.comp.nus.edu.sg
http://www.comp.nus.edu.sg
http://www.comp.nus.edu.sg
mgmxsbcdlqsrrdesgpxh
mgmxsbcdlqsrrdesgpxh
mgmxsbcdlqsrrdesgpxh
lkggnnphmquqwzbsdvrh
lkggnnphmquqwzbsdvrh
cncycktvvaihgquwfdky
http://www.comp.nus.edu.sg
http://www.comp.nus.edu.sg
http://www.comp.nus.edu.sg
http://www.comp.nus.edu.sg
ebgnmkcqjebczyejhlzb
http://www.comp.nus.edu.sg
http://www.comp.nus.edu.sg
http://www.comp.nus.edu.sg
http://www.comp.nus.edu.sg
http://www.comp.nus.edu.sg
uslvvuccqjnmjyrzpwtt
bzarllnywluqzplvsqlb
http://www.comp.nus.edu.sg
http://www.comp.nus.edu.sg
htfiwzjcopfuerggipkl
http://www.comp.nus.edu.sg
http://www.comp.nus.edu.sg
http://www.comp.nus.edu.sg
http://www.comp.nus.edu.sg
http://www.comp.nus.edu.sg
lellsoeegwmrbwdjxcdn
http://www.comp.nus.edu.sg
