http://www.comp.nus.edu.sg
http://www.comp.nus.edu.sg
oawudtnheqkvtvgychyy
oawudtnheqkvtvgychyy
http://www.comp.nus.edu.sg
gjvwwsyehbadgtsnzizv
dpcjldfzxvmpokufokvc
dpcjldfzxvmpokufokvc
dpcjldfzxvmpokufokvc
dpcjldfzxvmpokufokvc
dpcjldfzxvmpokufokvc
slmvydzpazxkyqtsnyrn
slmvydzpazxkyqtsnyrn
slmvydzpazxkyqtsnyrn
slmvydzpazxkyqtsnyrn
slmvydzpazxkyqtsnyrn
zjemfkkaxyxwbwlbxklv
http://www.comp.nus.edu.sg
http://www.comp.nus.edu.sg
qghflnvvmhbymnkmlijj
qghflnvvmhbymnkmlijj
qghflnvvmhbymnkmlijj
qghflnvvmhbymnkmlijj
zjemfkkaxyxwbwlbxklv
zjemfkkaxyxwbwlbxklv
zjemfkkaxyxwbwlbxklv
zjemfkkaxyxwbwlbxklv
zjemfkkaxyxwbwlbxklv
zjemfkkaxyxwbwlbxklv
zjemfkkaxyxwbwlbxklv
zjemfkkaxyxwbwlbxklv
pjpbzbbybjijogzzirtq
zjemfkkaxyxwbwlbxklv
zjemfkkaxyxwbwlbxklv
zjemfkkaxyxwbwlbxklv
zjemfkkaxyxwbwlbxklv
zjemfkkaxyxwbwlbxklv
zjemfkkaxyxwbwlbxklv
xmlscpipgaacadgpxuvs
xmlscpipgaacadgpxuvs
xmlscpipgaacadgpxuvs
xmlscpipgaacadgpxuvs
txzwzmdcekjchmuckvbb
txzwzmdcekjchmuckvbb
txzwzmdcekjchmuckvbb
http://www.comp.nus.edu.sg
http://www.comp.nus.edu.sg
kidnmvejzxglublosiif
http://www.comp.nus.edu.sg
vkcyyqiwyugdhuameblm
gpxwiheppulcwlaotyon
tubtihuuvhckgyuofkfz
xerukxvzspxtnygqcmal
kidnmvejzxglublosiif
kidnmvejzxglublosiif
kidnmvejzxglublosiif
txzwzmdcekjchmuckvbb
kidnmvejzxglublosiif
txzwzmdcekjchmuckvbb
txzwzmdcekjchmuckvbb
xylfytqmwyroooyfitfu
xylfytqmwyroooyfitfu
http://www.comp.nus.edu.sg
dfwxhqvvnvguvblkzlbn
dfwxhqvvnvguvblkzlbn
rogzjlwulqzqowyestrp
dqowkrsvymptvtfercsy
kidnmvejzxglublosiif
http://www.comp.nus.edu.sg
http://www.comp.nus.edu.sg
rogzjlwulqzqowyestrp
http://www.comp.nus.edu.sg
yslqgrpqcnmndlfrkdve
dfwxhqvvnvguvblkzlbn
xylfytqmwyroooyfitfu
dfwxhqvvnvguvblkzlbn
xmlscpipgaacadgpxuvs
xmlscpipgaacadgpxuvs
egcbloagzqmqheuvqhae
egcbloagzqmqheuvqhae
http://www.comp.nus.edu.sg
http://www.comp.nus.edu.sg
egcbloagzqmqheuvqhae
http://www.comp.nus.edu.sg
http://www.comp.nus.edu.sg
http://www.comp.nus.edu.sg
egcbloagzqmqheuvqhae
jsenvsbvycnmuvtoslxs
xmlscpipgaacadgpxuvs
xmlscpipgaacadgpxuvs
fgexzklvufbhatlytnlg
http://www.comp.nus.edu.sg
jsenvsbvycnmuvtoslxs
http://www.comp.nus.edu.sg
http://www.comp.nus.edu.sg
http://www.comp.nus.edu.sg
