Enter rows apart: Enter columns apart: N N N N N E E E E E E E E 
N N N N E N E E E E E E E 
N N N N E E N E E E E E E 
N N N N E E E N E E E E E 
N N N N E E E E N E E E E 
N N N N E E E E E N E E E 
N N N N E E E E E E N E E 
N N N N E E E E E E E N E 
N N N N E E E E E E E E N 
N N N E N N E E E E E E E 
N N N E N E N E E E E E E 
N N N E N E E N E E E E E 
N N N E N E E E N E E E E 
N N N E N E E E E N E E E 
N N N E N E E E E E N E E 
N N N E N E E E E E E N E 
N N N E N E E E E E E E N 
N N N E E N N E E E E E E 
N N N E E N E N E E E E E 
N N N E E N E E N E E E E 
N N N E E N E E E N E E E 
N N N E E N E E E E N E E 
N N N E E N E E E E E N E 
N N N E E N E E E E E E N 
N N N E E E N N E E E E E 
N N N E E E N E N E E E E 
N N N E E E N E E N E E E 
N N N E E E N E E E N E E 
N N N E E E N E E E E N E 
N N N E E E N E E E E E N 
N N N E E E E N N E E E E 
N N N E E E E N E N E E E 
N N N E E E E N E E N E E 
N N N E E E E N E E E N E 
N N N E E E E N E E E E N 
N N N E E E E E N N E E E 
N N N E E E E E N E N E E 
N N N E E E E E N E E N E 
N N N E E E E E N E E E N 
N N N E E E E E E N N E E 
N N N E E E E E E N E N E 
N N N E E E E E E N E E N 
N N N E E E E E E E N N E 
N N N E E E E E E E N E N 
N N N E E E E E E E E N N 
N N E N N N E E E E E E E 
N N E N N E N E E E E E E 
N N E N N E E N E E E E E 
N N E N N E E E N E E E E 
N N E N N E E E E N E E E 
N N E N N E E E E E N E E 
N N E N N E E E E E E N E 
N N E N N E E E E E E E N 
N N E N E N N E E E E E E 
N N E N E N E N E E E E E 
N N E N E N E E N E E E E 
N N E N E N E E E N E E E 
N N E N E N E E E E N E E 
N N E N E N E E E E E N E 
N N E N E N E E E E E E N 
N N E N E E N N E E E E E 
N N E N E E N E N E E E E 
N N E N E E N E E N E E E 
N N E N E E N E E E N E E 
N N E N E E N E E E E N E 
N N E N E E N E E E E E N 
N N E N E E E N N E E E E 
N N E N E E E N E N E E E 
N N E N E E E N E E N E E 
N N E N E E E N E E E N E 
N N E N E E E N E E E E N 
N N E N E E E E N N E E E 
N N E N E E E E N E N E E 
N N E N E E E E N E E N E 
N N E N E E E E N E E E N 
N N E N E E E E E N N E E 
N N E N E E E E E N E N E 
N N E N E E E E E N E E N 
N N E N E E E E E E N N E 
N N E N E E E E E E N E N 
N N E N E E E E E E E N N 
N N E E N N N E E E E E E 
N N E E N N E N E E E E E 
N N E E N N E E N E E E E 
N N E E N N E E E N E E E 
N N E E N N E E E E N E E 
N N E E N N E E E E E N E 
N N E E N N E E E E E E N 
N N E E N E N N E E E E E 
N N E E N E N E N E E E E 
N N E E N E N E E N E E E 
N N E E N E N E E E N E E 
N N E E N E N E E E E N E 
N N E E N E N E E E E E N 
N N E E N E E N N E E E E 
N N E E N E E N E N E E E 
N N E E N E E N E E N E E 
N N E E N E E N E E E N E 
N N E E N E E N E E E E N 
N N E E N E E E N N E E E 
N N E E N E E E N E N E E 
N N E E N E E E N E E N E 
N N E E N E E E N E E E N 
N N E E N E E E E N N E E 
N N E E N E E E E N E N E 
N N E E N E E E E N E E N 
N N E E N E E E E E N N E 
N N E E N E E E E E N E N 
N N E E N E E E E E E N N 
N N E E E N N N E E E E E 
N N E E E N N E N E E E E 
N N E E E N N E E N E E E 
N N E E E N N E E E N E E 
N N E E E N N E E E E N E 
N N E E E N N E E E E E N 
N N E E E N E N N E E E E 
N N E E E N E N E N E E E 
N N E E E N E N E E N E E 
N N E E E N E N E E E N E 
N N E E E N E N E E E E N 
N N E E E N E E N N E E E 
N N E E E N E E N E N E E 
N N E E E N E E N E E N E 
N N E E E N E E N E E E N 
N N E E E N E E E N N E E 
N N E E E N E E E N E N E 
N N E E E N E E E N E E N 
N N E E E N E E E E N N E 
N N E E E N E E E E N E N 
N N E E E N E E E E E N N 
N N E E E E N N N E E E E 
N N E E E E N N E N E E E 
N N E E E E N N E E N E E 
N N E E E E N N E E E N E 
N N E E E E N N E E E E N 
N N E E E E N E N N E E E 
N N E E E E N E N E N E E 
N N E E E E N E N E E N E 
N N E E E E N E N E E E N 
N N E E E E N E E N N E E 
N N E E E E N E E N E N E 
N N E E E E N E E N E E N 
N N E E E E N E E E N N E 
N N E E E E N E E E N E N 
N N E E E E N E E E E N N 
N N E E E E E N N N E E E 
N N E E E E E N N E N E E 
N N E E E E E N N E E N E 
N N E E E E E N N E E E N 
N N E E E E E N E N N E E 
N N E E E E E N E N E N E 
N N E E E E E N E N E E N 
N N E E E E E N E E N N E 
N N E E E E E N E E N E N 
N N E E E E E N E E E N N 
N N E E E E E E N N N E E 
N N E E E E E E N N E N E 
N N E E E E E E N N E E N 
N N E E E E E E N E N N E 
N N E E E E E E N E N E N 
N N E E E E E E N E E N N 
N N E E E E E E E N N N E 
N N E E E E E E E N N E N 
N N E E E E E E E N E N N 
N N E E E E E E E E N N N 
N E N N N N E E E E E E E 
N E N N N E N E E E E E E 
N E N N N E E N E E E E E 
N E N N N E E E N E E E E 
N E N N N E E E E N E E E 
N E N N N E E E E E N E E 
N E N N N E E E E E E N E 
N E N N N E E E E E E E N 
N E N N E N N E E E E E E 
N E N N E N E N E E E E E 
N E N N E N E E N E E E E 
N E N N E N E E E N E E E 
N E N N E N E E E E N E E 
N E N N E N E E E E E N E 
N E N N E N E E E E E E N 
N E N N E E N N E E E E E 
N E N N E E N E N E E E E 
N E N N E E N E E N E E E 
N E N N E E N E E E N E E 
N E N N E E N E E E E N E 
N E N N E E N E E E E E N 
N E N N E E E N N E E E E 
N E N N E E E N E N E E E 
N E N N E E E N E E N E E 
N E N N E E E N E E E N E 
N E N N E E E N E E E E N 
N E N N E E E E N N E E E 
N E N N E E E E N E N E E 
N E N N E E E E N E E N E 
N E N N E E E E N E E E N 
N E N N E E E E E N N E E 
N E N N E E E E E N E N E 
N E N N E E E E E N E E N 
N E N N E E E E E E N N E 
N E N N E E E E E E N E N 
N E N N E E E E E E E N N 
N E N E N N N E E E E E E 
N E N E N N E N E E E E E 
N E N E N N E E N E E E E 
N E N E N N E E E N E E E 
N E N E N N E E E E N E E 
N E N E N N E E E E E N E 
N E N E N N E E E E E E N 
N E N E N E N N E E E E E 
N E N E N E N E N E E E E 
N E N E N E N E E N E E E 
N E N E N E N E E E N E E 
N E N E N E N E E E E N E 
N E N E N E N E E E E E N 
N E N E N E E N N E E E E 
N E N E N E E N E N E E E 
N E N E N E E N E E N E E 
N E N E N E E N E E E N E 
N E N E N E E N E E E E N 
N E N E N E E E N N E E E 
N E N E N E E E N E N E E 
N E N E N E E E N E E N E 
N E N E N E E E N E E E N 
N E N E N E E E E N N E E 
N E N E N E E E E N E N E 
N E N E N E E E E N E E N 
N E N E N E E E E E N N E 
N E N E N E E E E E N E N 
N E N E N E E E E E E N N 
N E N E E N N N E E E E E 
N E N E E N N E N E E E E 
N E N E E N N E E N E E E 
N E N E E N N E E E N E E 
N E N E E N N E E E E N E 
N E N E E N N E E E E E N 
N E N E E N E N N E E E E 
N E N E E N E N E N E E E 
N E N E E N E N E E N E E 
N E N E E N E N E E E N E 
N E N E E N E N E E E E N 
N E N E E N E E N N E E E 
N E N E E N E E N E N E E 
N E N E E N E E N E E N E 
N E N E E N E E N E E E N 
N E N E E N E E E N N E E 
N E N E E N E E E N E N E 
N E N E E N E E E N E E N 
N E N E E N E E E E N N E 
N E N E E N E E E E N E N 
N E N E E N E E E E E N N 
N E N E E E N N N E E E E 
N E N E E E N N E N E E E 
N E N E E E N N E E N E E 
N E N E E E N N E E E N E 
N E N E E E N N E E E E N 
N E N E E E N E N N E E E 
N E N E E E N E N E N E E 
N E N E E E N E N E E N E 
N E N E E E N E N E E E N 
N E N E E E N E E N N E E 
N E N E E E N E E N E N E 
N E N E E E N E E N E E N 
N E N E E E N E E E N N E 
N E N E E E N E E E N E N 
N E N E E E N E E E E N N 
N E N E E E E N N N E E E 
N E N E E E E N N E N E E 
N E N E E E E N N E E N E 
N E N E E E E N N E E E N 
N E N E E E E N E N N E E 
N E N E E E E N E N E N E 
N E N E E E E N E N E E N 
N E N E E E E N E E N N E 
N E N E E E E N E E N E N 
N E N E E E E N E E E N N 
N E N E E E E E N N N E E 
N E N E E E E E N N E N E 
N E N E E E E E N N E E N 
N E N E E E E E N E N N E 
N E N E E E E E N E N E N 
N E N E E E E E N E E N N 
N E N E E E E E E N N N E 
N E N E E E E E E N N E N 
N E N E E E E E E N E N N 
N E N E E E E E E E N N N 
N E E N N N N E E E E E E 
N E E N N N E N E E E E E 
N E E N N N E E N E E E E 
N E E N N N E E E N E E E 
N E E N N N E E E E N E E 
N E E N N N E E E E E N E 
N E E N N N E E E E E E N 
N E E N N E N N E E E E E 
N E E N N E N E N E E E E 
N E E N N E N E E N E E E 
N E E N N E N E E E N E E 
N E E N N E N E E E E N E 
N E E N N E N E E E E E N 
N E E N N E E N N E E E E 
N E E N N E E N E N E E E 
N E E N N E E N E E N E E 
N E E N N E E N E E E N E 
N E E N N E E N E E E E N 
N E E N N E E E N N E E E 
N E E N N E E E N E N E E 
N E E N N E E E N E E N E 
N E E N N E E E N E E E N 
N E E N N E E E E N N E E 
N E E N N E E E E N E N E 
N E E N N E E E E N E E N 
N E E N N E E E E E N N E 
N E E N N E E E E E N E N 
N E E N N E E E E E E N N 
N E E N E N N N E E E E E 
N E E N E N N E N E E E E 
N E E N E N N E E N E E E 
N E E N E N N E E E N E E 
N E E N E N N E E E E N E 
N E E N E N N E E E E E N 
N E E N E N E N N E E E E 
N E E N E N E N E N E E E 
N E E N E N E N E E N E E 
N E E N E N E N E E E N E 
N E E N E N E N E E E E N 
N E E N E N E E N N E E E 
N E E N E N E E N E N E E 
N E E N E N E E N E E N E 
N E E N E N E E N E E E N 
N E E N E N E E E N N E E 
N E E N E N E E E N E N E 
N E E N E N E E E N E E N 
N E E N E N E E E E N N E 
N E E N E N E E E E N E N 
N E E N E N E E E E E N N 
N E E N E E N N N E E E E 
N E E N E E N N E N E E E 
N E E N E E N N E E N E E 
N E E N E E N N E E E N E 
N E E N E E N N E E E E N 
N E E N E E N E N N E E E 
N E E N E E N E N E N E E 
N E E N E E N E N E E N E 
N E E N E E N E N E E E N 
N E E N E E N E E N N E E 
N E E N E E N E E N E N E 
N E E N E E N E E N E E N 
N E E N E E N E E E N N E 
N E E N E E N E E E N E N 
N E E N E E N E E E E N N 
N E E N E E E N N N E E E 
N E E N E E E N N E N E E 
N E E N E E E N N E E N E 
N E E N E E E N N E E E N 
N E E N E E E N E N N E E 
N E E N E E E N E N E N E 
N E E N E E E N E N E E N 
N E E N E E E N E E N N E 
N E E N E E E N E E N E N 
N E E N E E E N E E E N N 
N E E N E E E E N N N E E 
N E E N E E E E N N E N E 
N E E N E E E E N N E E N 
N E E N E E E E N E N N E 
N E E N E E E E N E N E N 
N E E N E E E E N E E N N 
N E E N E E E E E N N N E 
N E E N E E E E E N N E N 
N E E N E E E E E N E N N 
N E E N E E E E E E N N N 
N E E E N N N N E E E E E 
N E E E N N N E N E E E E 
N E E E N N N E E N E E E 
N E E E N N N E E E N E E 
N E E E N N N E E E E N E 
N E E E N N N E E E E E N 
N E E E N N E N N E E E E 
N E E E N N E N E N E E E 
N E E E N N E N E E N E E 
N E E E N N E N E E E N E 
N E E E N N E N E E E E N 
N E E E N N E E N N E E E 
N E E E N N E E N E N E E 
N E E E N N E E N E E N E 
N E E E N N E E N E E E N 
N E E E N N E E E N N E E 
N E E E N N E E E N E N E 
N E E E N N E E E N E E N 
N E E E N N E E E E N N E 
N E E E N N E E E E N E N 
N E E E N N E E E E E N N 
N E E E N E N N N E E E E 
N E E E N E N N E N E E E 
N E E E N E N N E E N E E 
N E E E N E N N E E E N E 
N E E E N E N N E E E E N 
N E E E N E N E N N E E E 
N E E E N E N E N E N E E 
N E E E N E N E N E E N E 
N E E E N E N E N E E E N 
N E E E N E N E E N N E E 
N E E E N E N E E N E N E 
N E E E N E N E E N E E N 
N E E E N E N E E E N N E 
N E E E N E N E E E N E N 
N E E E N E N E E E E N N 
N E E E N E E N N N E E E 
N E E E N E E N N E N E E 
N E E E N E E N N E E N E 
N E E E N E E N N E E E N 
N E E E N E E N E N N E E 
N E E E N E E N E N E N E 
N E E E N E E N E N E E N 
N E E E N E E N E E N N E 
N E E E N E E N E E N E N 
N E E E N E E N E E E N N 
N E E E N E E E N N N E E 
N E E E N E E E N N E N E 
N E E E N E E E N N E E N 
N E E E N E E E N E N N E 
N E E E N E E E N E N E N 
N E E E N E E E N E E N N 
N E E E N E E E E N N N E 
N E E E N E E E E N N E N 
N E E E N E E E E N E N N 
N E E E N E E E E E N N N 
N E E E E N N N N E E E E 
N E E E E N N N E N E E E 
N E E E E N N N E E N E E 
N E E E E N N N E E E N E 
N E E E E N N N E E E E N 
N E E E E N N E N N E E E 
N E E E E N N E N E N E E 
N E E E E N N E N E E N E 
N E E E E N N E N E E E N 
N E E E E N N E E N N E E 
N E E E E N N E E N E N E 
N E E E E N N E E N E E N 
N E E E E N N E E E N N E 
N E E E E N N E E E N E N 
N E E E E N N E E E E N N 
N E E E E N E N N N E E E 
N E E E E N E N N E N E E 
N E E E E N E N N E E N E 
N E E E E N E N N E E E N 
N E E E E N E N E N N E E 
N E E E E N E N E N E N E 
N E E E E N E N E N E E N 
N E E E E N E N E E N N E 
N E E E E N E N E E N E N 
N E E E E N E N E E E N N 
N E E E E N E E N N N E E 
N E E E E N E E N N E N E 
N E E E E N E E N N E E N 
N E E E E N E E N E N N E 
N E E E E N E E N E N E N 
N E E E E N E E N E E N N 
N E E E E N E E E N N N E 
N E E E E N E E E N N E N 
N E E E E N E E E N E N N 
N E E E E N E E E E N N N 
N E E E E E N N N N E E E 
N E E E E E N N N E N E E 
N E E E E E N N N E E N E 
N E E E E E N N N E E E N 
N E E E E E N N E N N E E 
N E E E E E N N E N E N E 
N E E E E E N N E N E E N 
N E E E E E N N E E N N E 
N E E E E E N N E E N E N 
N E E E E E N N E E E N N 
N E E E E E N E N N N E E 
N E E E E E N E N N E N E 
N E E E E E N E N N E E N 
N E E E E E N E N E N N E 
N E E E E E N E N E N E N 
N E E E E E N E N E E N N 
N E E E E E N E E N N N E 
N E E E E E N E E N N E N 
N E E E E E N E E N E N N 
N E E E E E N E E E N N N 
N E E E E E E N N N N E E 
N E E E E E E N N N E N E 
N E E E E E E N N N E E N 
N E E E E E E N N E N N E 
N E E E E E E N N E N E N 
N E E E E E E N N E E N N 
N E E E E E E N E N N N E 
N E E E E E E N E N N E N 
N E E E E E E N E N E N N 
N E E E E E E N E E N N N 
N E E E E E E E N N N N E 
N E E E E E E E N N N E N 
N E E E E E E E N N E N N 
N E E E E E E E N E N N N 
N E E E E E E E E N N N N 
E N N N N N E E E E E E E 
E N N N N E N E E E E E E 
E N N N N E E N E E E E E 
E N N N N E E E N E E E E 
E N N N N E E E E N E E E 
E N N N N E E E E E N E E 
E N N N N E E E E E E N E 
E N N N N E E E E E E E N 
E N N N E N N E E E E E E 
E N N N E N E N E E E E E 
E N N N E N E E N E E E E 
E N N N E N E E E N E E E 
E N N N E N E E E E N E E 
E N N N E N E E E E E N E 
E N N N E N E E E E E E N 
E N N N E E N N E E E E E 
E N N N E E N E N E E E E 
E N N N E E N E E N E E E 
E N N N E E N E E E N E E 
E N N N E E N E E E E N E 
E N N N E E N E E E E E N 
E N N N E E E N N E E E E 
E N N N E E E N E N E E E 
E N N N E E E N E E N E E 
E N N N E E E N E E E N E 
E N N N E E E N E E E E N 
E N N N E E E E N N E E E 
E N N N E E E E N E N E E 
E N N N E E E E N E E N E 
E N N N E E E E N E E E N 
E N N N E E E E E N N E E 
E N N N E E E E E N E N E 
E N N N E E E E E N E E N 
E N N N E E E E E E N N E 
E N N N E E E E E E N E N 
E N N N E E E E E E E N N 
E N N E N N N E E E E E E 
E N N E N N E N E E E E E 
E N N E N N E E N E E E E 
E N N E N N E E E N E E E 
E N N E N N E E E E N E E 
E N N E N N E E E E E N E 
E N N E N N E E E E E E N 
E N N E N E N N E E E E E 
E N N E N E N E N E E E E 
E N N E N E N E E N E E E 
E N N E N E N E E E N E E 
E N N E N E N E E E E N E 
E N N E N E N E E E E E N 
E N N E N E E N N E E E E 
E N N E N E E N E N E E E 
E N N E N E E N E E N E E 
E N N E N E E N E E E N E 
E N N E N E E N E E E E N 
E N N E N E E E N N E E E 
E N N E N E E E N E N E E 
E N N E N E E E N E E N E 
E N N E N E E E N E E E N 
E N N E N E E E E N N E E 
E N N E N E E E E N E N E 
E N N E N E E E E N E E N 
E N N E N E E E E E N N E 
E N N E N E E E E E N E N 
E N N E N E E E E E E N N 
E N N E E N N N E E E E E 
E N N E E N N E N E E E E 
E N N E E N N E E N E E E 
E N N E E N N E E E N E E 
E N N E E N N E E E E N E 
E N N E E N N E E E E E N 
E N N E E N E N N E E E E 
E N N E E N E N E N E E E 
E N N E E N E N E E N E E 
E N N E E N E N E E E N E 
E N N E E N E N E E E E N 
E N N E E N E E N N E E E 
E N N E E N E E N E N E E 
E N N E E N E E N E E N E 
E N N E E N E E N E E E N 
E N N E E N E E E N N E E 
E N N E E N E E E N E N E 
E N N E E N E E E N E E N 
E N N E E N E E E E N N E 
E N N E E N E E E E N E N 
E N N E E N E E E E E N N 
E N N E E E N N N E E E E 
E N N E E E N N E N E E E 
E N N E E E N N E E N E E 
E N N E E E N N E E E N E 
E N N E E E N N E E E E N 
E N N E E E N E N N E E E 
E N N E E E N E N E N E E 
E N N E E E N E N E E N E 
E N N E E E N E N E E E N 
E N N E E E N E E N N E E 
E N N E E E N E E N E N E 
E N N E E E N E E N E E N 
E N N E E E N E E E N N E 
E N N E E E N E E E N E N 
E N N E E E N E E E E N N 
E N N E E E E N N N E E E 
E N N E E E E N N E N E E 
E N N E E E E N N E E N E 
E N N E E E E N N E E E N 
E N N E E E E N E N N E E 
E N N E E E E N E N E N E 
E N N E E E E N E N E E N 
E N N E E E E N E E N N E 
E N N E E E E N E E N E N 
E N N E E E E N E E E N N 
E N N E E E E E N N N E E 
E N N E E E E E N N E N E 
E N N E E E E E N N E E N 
E N N E E E E E N E N N E 
E N N E E E E E N E N E N 
E N N E E E E E N E E N N 
E N N E E E E E E N N N E 
E N N E E E E E E N N E N 
E N N E E E E E E N E N N 
E N N E E E E E E E N N N 
E N E N N N N E E E E E E 
E N E N N N E N E E E E E 
E N E N N N E E N E E E E 
E N E N N N E E E N E E E 
E N E N N N E E E E N E E 
E N E N N N E E E E E N E 
E N E N N N E E E E E E N 
E N E N N E N N E E E E E 
E N E N N E N E N E E E E 
E N E N N E N E E N E E E 
E N E N N E N E E E N E E 
E N E N N E N E E E E N E 
E N E N N E N E E E E E N 
E N E N N E E N N E E E E 
E N E N N E E N E N E E E 
E N E N N E E N E E N E E 
E N E N N E E N E E E N E 
E N E N N E E N E E E E N 
E N E N N E E E N N E E E 
E N E N N E E E N E N E E 
E N E N N E E E N E E N E 
E N E N N E E E N E E E N 
E N E N N E E E E N N E E 
E N E N N E E E E N E N E 
E N E N N E E E E N E E N 
E N E N N E E E E E N N E 
E N E N N E E E E E N E N 
E N E N N E E E E E E N N 
E N E N E N N N E E E E E 
E N E N E N N E N E E E E 
E N E N E N N E E N E E E 
E N E N E N N E E E N E E 
E N E N E N N E E E E N E 
E N E N E N N E E E E E N 
E N E N E N E N N E E E E 
E N E N E N E N E N E E E 
E N E N E N E N E E N E E 
E N E N E N E N E E E N E 
E N E N E N E N E E E E N 
E N E N E N E E N N E E E 
E N E N E N E E N E N E E 
E N E N E N E E N E E N E 
E N E N E N E E N E E E N 
E N E N E N E E E N N E E 
E N E N E N E E E N E N E 
E N E N E N E E E N E E N 
E N E N E N E E E E N N E 
E N E N E N E E E E N E N 
E N E N E N E E E E E N N 
E N E N E E N N N E E E E 
E N E N E E N N E N E E E 
E N E N E E N N E E N E E 
E N E N E E N N E E E N E 
E N E N E E N N E E E E N 
E N E N E E N E N N E E E 
E N E N E E N E N E N E E 
E N E N E E N E N E E N E 
E N E N E E N E N E E E N 
E N E N E E N E E N N E E 
E N E N E E N E E N E N E 
E N E N E E N E E N E E N 
E N E N E E N E E E N N E 
E N E N E E N E E E N E N 
E N E N E E N E E E E N N 
E N E N E E E N N N E E E 
E N E N E E E N N E N E E 
E N E N E E E N N E E N E 
E N E N E E E N N E E E N 
E N E N E E E N E N N E E 
E N E N E E E N E N E N E 
E N E N E E E N E N E E N 
E N E N E E E N E E N N E 
E N E N E E E N E E N E N 
E N E N E E E N E E E N N 
E N E N E E E E N N N E E 
E N E N E E E E N N E N E 
E N E N E E E E N N E E N 
E N E N E E E E N E N N E 
E N E N E E E E N E N E N 
E N E N E E E E N E E N N 
E N E N E E E E E N N N E 
E N E N E E E E E N N E N 
E N E N E E E E E N E N N 
E N E N E E E E E E N N N 
E N E E N N N N E E E E E 
E N E E N N N E N E E E E 
E N E E N N N E E N E E E 
E N E E N N N E E E N E E 
E N E E N N N E E E E N E 
E N E E N N N E E E E E N 
E N E E N N E N N E E E E 
E N E E N N E N E N E E E 
E N E E N N E N E E N E E 
E N E E N N E N E E E N E 
E N E E N N E N E E E E N 
E N E E N N E E N N E E E 
E N E E N N E E N E N E E 
E N E E N N E E N E E N E 
E N E E N N E E N E E E N 
E N E E N N E E E N N E E 
E N E E N N E E E N E N E 
E N E E N N E E E N E E N 
E N E E N N E E E E N N E 
E N E E N N E E E E N E N 
E N E E N N E E E E E N N 
E N E E N E N N N E E E E 
E N E E N E N N E N E E E 
E N E E N E N N E E N E E 
E N E E N E N N E E E N E 
E N E E N E N N E E E E N 
E N E E N E N E N N E E E 
E N E E N E N E N E N E E 
E N E E N E N E N E E N E 
E N E E N E N E N E E E N 
E N E E N E N E E N N E E 
E N E E N E N E E N E N E 
E N E E N E N E E N E E N 
E N E E N E N E E E N N E 
E N E E N E N E E E N E N 
E N E E N E N E E E E N N 
E N E E N E E N N N E E E 
E N E E N E E N N E N E E 
E N E E N E E N N E E N E 
E N E E N E E N N E E E N 
E N E E N E E N E N N E E 
E N E E N E E N E N E N E 
E N E E N E E N E N E E N 
E N E E N E E N E E N N E 
E N E E N E E N E E N E N 
E N E E N E E N E E E N N 
E N E E N E E E N N N E E 
E N E E N E E E N N E N E 
E N E E N E E E N N E E N 
E N E E N E E E N E N N E 
E N E E N E E E N E N E N 
E N E E N E E E N E E N N 
E N E E N E E E E N N N E 
E N E E N E E E E N N E N 
E N E E N E E E E N E N N 
E N E E N E E E E E N N N 
E N E E E N N N N E E E E 
E N E E E N N N E N E E E 
E N E E E N N N E E N E E 
E N E E E N N N E E E N E 
E N E E E N N N E E E E N 
E N E E E N N E N N E E E 
E N E E E N N E N E N E E 
E N E E E N N E N E E N E 
E N E E E N N E N E E E N 
E N E E E N N E E N N E E 
E N E E E N N E E N E N E 
E N E E E N N E E N E E N 
E N E E E N N E E E N N E 
E N E E E N N E E E N E N 
E N E E E N N E E E E N N 
E N E E E N E N N N E E E 
E N E E E N E N N E N E E 
E N E E E N E N N E E N E 
E N E E E N E N N E E E N 
E N E E E N E N E N N E E 
E N E E E N E N E N E N E 
E N E E E N E N E N E E N 
E N E E E N E N E E N N E 
E N E E E N E N E E N E N 
E N E E E N E N E E E N N 
E N E E E N E E N N N E E 
E N E E E N E E N N E N E 
E N E E E N E E N N E E N 
E N E E E N E E N E N N E 
E N E E E N E E N E N E N 
E N E E E N E E N E E N N 
E N E E E N E E E N N N E 
E N E E E N E E E N N E N 
E N E E E N E E E N E N N 
E N E E E N E E E E N N N 
E N E E E E N N N N E E E 
E N E E E E N N N E N E E 
E N E E E E N N N E E N E 
E N E E E E N N N E E E N 
E N E E E E N N E N N E E 
E N E E E E N N E N E N E 
E N E E E E N N E N E E N 
E N E E E E N N E E N N E 
E N E E E E N N E E N E N 
E N E E E E N N E E E N N 
E N E E E E N E N N N E E 
E N E E E E N E N N E N E 
E N E E E E N E N N E E N 
E N E E E E N E N E N N E 
E N E E E E N E N E N E N 
E N E E E E N E N E E N N 
E N E E E E N E E N N N E 
E N E E E E N E E N N E N 
E N E E E E N E E N E N N 
E N E E E E N E E E N N N 
E N E E E E E N N N N E E 
E N E E E E E N N N E N E 
E N E E E E E N N N E E N 
E N E E E E E N N E N N E 
E N E E E E E N N E N E N 
E N E E E E E N N E E N N 
E N E E E E E N E N N N E 
E N E E E E E N E N N E N 
E N E E E E E N E N E N N 
E N E E E E E N E E N N N 
E N E E E E E E N N N N E 
E N E E E E E E N N N E N 
E N E E E E E E N N E N N 
E N E E E E E E N E N N N 
E N E E E E E E E N N N N 
E E N N N N N E E E E E E 
E E N N N N E N E E E E E 
E E N N N N E E N E E E E 
E E N N N N E E E N E E E 
E E N N N N E E E E N E E 
E E N N N N E E E E E N E 
E E N N N N E E E E E E N 
E E N N N E N N E E E E E 
E E N N N E N E N E E E E 
E E N N N E N E E N E E E 
E E N N N E N E E E N E E 
E E N N N E N E E E E N E 
E E N N N E N E E E E E N 
E E N N N E E N N E E E E 
E E N N N E E N E N E E E 
E E N N N E E N E E N E E 
E E N N N E E N E E E N E 
E E N N N E E N E E E E N 
E E N N N E E E N N E E E 
E E N N N E E E N E N E E 
E E N N N E E E N E E N E 
E E N N N E E E N E E E N 
E E N N N E E E E N N E E 
E E N N N E E E E N E N E 
E E N N N E E E E N E E N 
E E N N N E E E E E N N E 
E E N N N E E E E E N E N 
E E N N N E E E E E E N N 
E E N N E N N N E E E E E 
E E N N E N N E N E E E E 
E E N N E N N E E N E E E 
E E N N E N N E E E N E E 
E E N N E N N E E E E N E 
E E N N E N N E E E E E N 
E E N N E N E N N E E E E 
E E N N E N E N E N E E E 
E E N N E N E N E E N E E 
E E N N E N E N E E E N E 
E E N N E N E N E E E E N 
E E N N E N E E N N E E E 
E E N N E N E E N E N E E 
E E N N E N E E N E E N E 
E E N N E N E E N E E E N 
E E N N E N E E E N N E E 
E E N N E N E E E N E N E 
E E N N E N E E E N E E N 
E E N N E N E E E E N N E 
E E N N E N E E E E N E N 
E E N N E N E E E E E N N 
E E N N E E N N N E E E E 
E E N N E E N N E N E E E 
E E N N E E N N E E N E E 
E E N N E E N N E E E N E 
E E N N E E N N E E E E N 
E E N N E E N E N N E E E 
E E N N E E N E N E N E E 
E E N N E E N E N E E N E 
E E N N E E N E N E E E N 
E E N N E E N E E N N E E 
E E N N E E N E E N E N E 
E E N N E E N E E N E E N 
E E N N E E N E E E N N E 
E E N N E E N E E E N E N 
E E N N E E N E E E E N N 
E E N N E E E N N N E E E 
E E N N E E E N N E N E E 
E E N N E E E N N E E N E 
E E N N E E E N N E E E N 
E E N N E E E N E N N E E 
E E N N E E E N E N E N E 
E E N N E E E N E N E E N 
E E N N E E E N E E N N E 
E E N N E E E N E E N E N 
E E N N E E E N E E E N N 
E E N N E E E E N N N E E 
E E N N E E E E N N E N E 
E E N N E E E E N N E E N 
E E N N E E E E N E N N E 
E E N N E E E E N E N E N 
E E N N E E E E N E E N N 
E E N N E E E E E N N N E 
E E N N E E E E E N N E N 
E E N N E E E E E N E N N 
E E N N E E E E E E N N N 
E E N E N N N N E E E E E 
E E N E N N N E N E E E E 
E E N E N N N E E N E E E 
E E N E N N N E E E N E E 
E E N E N N N E E E E N E 
E E N E N N N E E E E E N 
E E N E N N E N N E E E E 
E E N E N N E N E N E E E 
E E N E N N E N E E N E E 
E E N E N N E N E E E N E 
E E N E N N E N E E E E N 
E E N E N N E E N N E E E 
E E N E N N E E N E N E E 
E E N E N N E E N E E N E 
E E N E N N E E N E E E N 
E E N E N N E E E N N E E 
E E N E N N E E E N E N E 
E E N E N N E E E N E E N 
E E N E N N E E E E N N E 
E E N E N N E E E E N E N 
E E N E N N E E E E E N N 
E E N E N E N N N E E E E 
E E N E N E N N E N E E E 
E E N E N E N N E E N E E 
E E N E N E N N E E E N E 
E E N E N E N N E E E E N 
E E N E N E N E N N E E E 
E E N E N E N E N E N E E 
E E N E N E N E N E E N E 
E E N E N E N E N E E E N 
E E N E N E N E E N N E E 
E E N E N E N E E N E N E 
E E N E N E N E E N E E N 
E E N E N E N E E E N N E 
E E N E N E N E E E N E N 
E E N E N E N E E E E N N 
E E N E N E E N N N E E E 
E E N E N E E N N E N E E 
E E N E N E E N N E E N E 
E E N E N E E N N E E E N 
E E N E N E E N E N N E E 
E E N E N E E N E N E N E 
E E N E N E E N E N E E N 
E E N E N E E N E E N N E 
E E N E N E E N E E N E N 
E E N E N E E N E E E N N 
E E N E N E E E N N N E E 
E E N E N E E E N N E N E 
E E N E N E E E N N E E N 
E E N E N E E E N E N N E 
E E N E N E E E N E N E N 
E E N E N E E E N E E N N 
E E N E N E E E E N N N E 
E E N E N E E E E N N E N 
E E N E N E E E E N E N N 
E E N E N E E E E E N N N 
E E N E E N N N N E E E E 
E E N E E N N N E N E E E 
E E N E E N N N E E N E E 
E E N E E N N N E E E N E 
E E N E E N N N E E E E N 
E E N E E N N E N N E E E 
E E N E E N N E N E N E E 
E E N E E N N E N E E N E 
E E N E E N N E N E E E N 
E E N E E N N E E N N E E 
E E N E E N N E E N E N E 
E E N E E N N E E N E E N 
E E N E E N N E E E N N E 
E E N E E N N E E E N E N 
E E N E E N N E E E E N N 
E E N E E N E N N N E E E 
E E N E E N E N N E N E E 
E E N E E N E N N E E N E 
E E N E E N E N N E E E N 
E E N E E N E N E N N E E 
E E N E E N E N E N E N E 
E E N E E N E N E N E E N 
E E N E E N E N E E N N E 
E E N E E N E N E E N E N 
E E N E E N E N E E E N N 
E E N E E N E E N N N E E 
E E N E E N E E N N E N E 
E E N E E N E E N N E E N 
E E N E E N E E N E N N E 
E E N E E N E E N E N E N 
E E N E E N E E N E E N N 
E E N E E N E E E N N N E 
E E N E E N E E E N N E N 
E E N E E N E E E N E N N 
E E N E E N E E E E N N N 
E E N E E E N N N N E E E 
E E N E E E N N N E N E E 
E E N E E E N N N E E N E 
E E N E E E N N N E E E N 
E E N E E E N N E N N E E 
E E N E E E N N E N E N E 
E E N E E E N N E N E E N 
E E N E E E N N E E N N E 
E E N E E E N N E E N E N 
E E N E E E N N E E E N N 
E E N E E E N E N N N E E 
E E N E E E N E N N E N E 
E E N E E E N E N N E E N 
E E N E E E N E N E N N E 
E E N E E E N E N E N E N 
E E N E E E N E N E E N N 
E E N E E E N E E N N N E 
E E N E E E N E E N N E N 
E E N E E E N E E N E N N 
E E N E E E N E E E N N N 
E E N E E E E N N N N E E 
E E N E E E E N N N E N E 
E E N E E E E N N N E E N 
E E N E E E E N N E N N E 
E E N E E E E N N E N E N 
E E N E E E E N N E E N N 
E E N E E E E N E N N N E 
E E N E E E E N E N N E N 
E E N E E E E N E N E N N 
E E N E E E E N E E N N N 
E E N E E E E E N N N N E 
E E N E E E E E N N N E N 
E E N E E E E E N N E N N 
E E N E E E E E N E N N N 
E E N E E E E E E N N N N 
E E E N N N N N E E E E E 
E E E N N N N E N E E E E 
E E E N N N N E E N E E E 
E E E N N N N E E E N E E 
E E E N N N N E E E E N E 
E E E N N N N E E E E E N 
E E E N N N E N N E E E E 
E E E N N N E N E N E E E 
E E E N N N E N E E N E E 
E E E N N N E N E E E N E 
E E E N N N E N E E E E N 
E E E N N N E E N N E E E 
E E E N N N E E N E N E E 
E E E N N N E E N E E N E 
E E E N N N E E N E E E N 
E E E N N N E E E N N E E 
E E E N N N E E E N E N E 
E E E N N N E E E N E E N 
E E E N N N E E E E N N E 
E E E N N N E E E E N E N 
E E E N N N E E E E E N N 
E E E N N E N N N E E E E 
E E E N N E N N E N E E E 
E E E N N E N N E E N E E 
E E E N N E N N E E E N E 
E E E N N E N N E E E E N 
E E E N N E N E N N E E E 
E E E N N E N E N E N E E 
E E E N N E N E N E E N E 
E E E N N E N E N E E E N 
E E E N N E N E E N N E E 
E E E N N E N E E N E N E 
E E E N N E N E E N E E N 
E E E N N E N E E E N N E 
E E E N N E N E E E N E N 
E E E N N E N E E E E N N 
E E E N N E E N N N E E E 
E E E N N E E N N E N E E 
E E E N N E E N N E E N E 
E E E N N E E N N E E E N 
E E E N N E E N E N N E E 
E E E N N E E N E N E N E 
E E E N N E E N E N E E N 
E E E N N E E N E E N N E 
E E E N N E E N E E N E N 
E E E N N E E N E E E N N 
E E E N N E E E N N N E E 
E E E N N E E E N N E N E 
E E E N N E E E N N E E N 
E E E N N E E E N E N N E 
E E E N N E E E N E N E N 
E E E N N E E E N E E N N 
E E E N N E E E E N N N E 
E E E N N E E E E N N E N 
E E E N N E E E E N E N N 
E E E N N E E E E E N N N 
E E E N E N N N N E E E E 
E E E N E N N N E N E E E 
E E E N E N N N E E N E E 
E E E N E N N N E E E N E 
E E E N E N N N E E E E N 
E E E N E N N E N N E E E 
E E E N E N N E N E N E E 
E E E N E N N E N E E N E 
E E E N E N N E N E E E N 
E E E N E N N E E N N E E 
E E E N E N N E E N E N E 
E E E N E N N E E N E E N 
E E E N E N N E E E N N E 
E E E N E N N E E E N E N 
E E E N E N N E E E E N N 
E E E N E N E N N N E E E 
E E E N E N E N N E N E E 
E E E N E N E N N E E N E 
E E E N E N E N N E E E N 
E E E N E N E N E N N E E 
E E E N E N E N E N E N E 
E E E N E N E N E N E E N 
E E E N E N E N E E N N E 
E E E N E N E N E E N E N 
E E E N E N E N E E E N N 
E E E N E N E E N N N E E 
E E E N E N E E N N E N E 
E E E N E N E E N N E E N 
E E E N E N E E N E N N E 
E E E N E N E E N E N E N 
E E E N E N E E N E E N N 
E E E N E N E E E N N N E 
E E E N E N E E E N N E N 
E E E N E N E E E N E N N 
E E E N E N E E E E N N N 
E E E N E E N N N N E E E 
E E E N E E N N N E N E E 
E E E N E E N N N E E N E 
E E E N E E N N N E E E N 
E E E N E E N N E N N E E 
E E E N E E N N E N E N E 
E E E N E E N N E N E E N 
E E E N E E N N E E N N E 
E E E N E E N N E E N E N 
E E E N E E N N E E E N N 
E E E N E E N E N N N E E 
E E E N E E N E N N E N E 
E E E N E E N E N N E E N 
E E E N E E N E N E N N E 
E E E N E E N E N E N E N 
E E E N E E N E N E E N N 
E E E N E E N E E N N N E 
E E E N E E N E E N N E N 
E E E N E E N E E N E N N 
E E E N E E N E E E N N N 
E E E N E E E N N N N E E 
E E E N E E E N N N E N E 
E E E N E E E N N N E E N 
E E E N E E E N N E N N E 
E E E N E E E N N E N E N 
E E E N E E E N N E E N N 
E E E N E E E N E N N N E 
E E E N E E E N E N N E N 
E E E N E E E N E N E N N 
E E E N E E E N E E N N N 
E E E N E E E E N N N N E 
E E E N E E E E N N N E N 
E E E N E E E E N N E N N 
E E E N E E E E N E N N N 
E E E N E E E E E N N N N 
E E E E N N N N N E E E E 
E E E E N N N N E N E E E 
E E E E N N N N E E N E E 
E E E E N N N N E E E N E 
E E E E N N N N E E E E N 
E E E E N N N E N N E E E 
E E E E N N N E N E N E E 
E E E E N N N E N E E N E 
E E E E N N N E N E E E N 
E E E E N N N E E N N E E 
E E E E N N N E E N E N E 
E E E E N N N E E N E E N 
E E E E N N N E E E N N E 
E E E E N N N E E E N E N 
E E E E N N N E E E E N N 
E E E E N N E N N N E E E 
E E E E N N E N N E N E E 
E E E E N N E N N E E N E 
E E E E N N E N N E E E N 
E E E E N N E N E N N E E 
E E E E N N E N E N E N E 
E E E E N N E N E N E E N 
E E E E N N E N E E N N E 
E E E E N N E N E E N E N 
E E E E N N E N E E E N N 
E E E E N N E E N N N E E 
E E E E N N E E N N E N E 
E E E E N N E E N N E E N 
E E E E N N E E N E N N E 
E E E E N N E E N E N E N 
E E E E N N E E N E E N N 
E E E E N N E E E N N N E 
E E E E N N E E E N N E N 
E E E E N N E E E N E N N 
E E E E N N E E E E N N N 
E E E E N E N N N N E E E 
E E E E N E N N N E N E E 
E E E E N E N N N E E N E 
E E E E N E N N N E E E N 
E E E E N E N N E N N E E 
E E E E N E N N E N E N E 
E E E E N E N N E N E E N 
E E E E N E N N E E N N E 
E E E E N E N N E E N E N 
E E E E N E N N E E E N N 
E E E E N E N E N N N E E 
E E E E N E N E N N E N E 
E E E E N E N E N N E E N 
E E E E N E N E N E N N E 
E E E E N E N E N E N E N 
E E E E N E N E N E E N N 
E E E E N E N E E N N N E 
E E E E N E N E E N N E N 
E E E E N E N E E N E N N 
E E E E N E N E E E N N N 
E E E E N E E N N N N E E 
E E E E N E E N N N E N E 
E E E E N E E N N N E E N 
E E E E N E E N N E N N E 
E E E E N E E N N E N E N 
E E E E N E E N N E E N N 
E E E E N E E N E N N N E 
E E E E N E E N E N N E N 
E E E E N E E N E N E N N 
E E E E N E E N E E N N N 
E E E E N E E E N N N N E 
E E E E N E E E N N N E N 
E E E E N E E E N N E N N 
E E E E N E E E N E N N N 
E E E E N E E E E N N N N 
E E E E E N N N N N E E E 
E E E E E N N N N E N E E 
E E E E E N N N N E E N E 
E E E E E N N N N E E E N 
E E E E E N N N E N N E E 
E E E E E N N N E N E N E 
E E E E E N N N E N E E N 
E E E E E N N N E E N N E 
E E E E E N N N E E N E N 
E E E E E N N N E E E N N 
E E E E E N N E N N N E E 
E E E E E N N E N N E N E 
E E E E E N N E N N E E N 
E E E E E N N E N E N N E 
E E E E E N N E N E N E N 
E E E E E N N E N E E N N 
E E E E E N N E E N N N E 
E E E E E N N E E N N E N 
E E E E E N N E E N E N N 
E E E E E N N E E E N N N 
E E E E E N E N N N N E E 
E E E E E N E N N N E N E 
E E E E E N E N N N E E N 
E E E E E N E N N E N N E 
E E E E E N E N N E N E N 
E E E E E N E N N E E N N 
E E E E E N E N E N N N E 
E E E E E N E N E N N E N 
E E E E E N E N E N E N N 
E E E E E N E N E E N N N 
E E E E E N E E N N N N E 
E E E E E N E E N N N E N 
E E E E E N E E N N E N N 
E E E E E N E E N E N N N 
E E E E E N E E E N N N N 
E E E E E E N N N N N E E 
E E E E E E N N N N E N E 
E E E E E E N N N N E E N 
E E E E E E N N N E N N E 
E E E E E E N N N E N E N 
E E E E E E N N N E E N N 
E E E E E E N N E N N N E 
E E E E E E N N E N N E N 
E E E E E E N N E N E N N 
E E E E E E N N E E N N N 
E E E E E E N E N N N N E 
E E E E E E N E N N N E N 
E E E E E E N E N N E N N 
E E E E E E N E N E N N N 
E E E E E E N E E N N N N 
E E E E E E E N N N N N E 
E E E E E E E N N N N E N 
E E E E E E E N N N E N N 
E E E E E E E N N E N N N 
E E E E E E E N E N N N N 
E E E E E E E E N N N N N 
Number of paths = 1287
