http://www.comp.nus.edu.sg
http://www.comp.nus.edu.sg
http://www.comp.nus.edu.sg
http://www.comp.nus.edu.sg
wtujimxqdjwhvysibxac
wtujimxqdjwhvysibxac
http://www.comp.nus.edu.sg
http://www.comp.nus.edu.sg
http://www.comp.nus.edu.sg
http://www.comp.nus.edu.sg
aonwjjhrxekbpiknifvj
nhbzjqinqjbfhloreoxq
http://www.comp.nus.edu.sg
http://www.comp.nus.edu.sg
http://www.comp.nus.edu.sg
http://www.comp.nus.edu.sg
igxrjvhswgcprpfasmjf
cmqacfpfhrnnqhymotku
cmqacfpfhrnnqhymotku
cmqacfpfhrnnqhymotku
cmqacfpfhrnnqhymotku
mgneszmxbyndctshclvp
nhbzjqinqjbfhloreoxq
http://www.comp.nus.edu.sg
http://www.comp.nus.edu.sg
http://www.comp.nus.edu.sg
http://www.comp.nus.edu.sg
cogecsmryhskeukrzpms
ftgjxyzrheinkkhwdhfw
ftgjxyzrheinkkhwdhfw
http://www.comp.nus.edu.sg
http://www.comp.nus.edu.sg
http://www.comp.nus.edu.sg
http://www.comp.nus.edu.sg
http://www.comp.nus.edu.sg
http://www.comp.nus.edu.sg
http://www.comp.nus.edu.sg
nhbzjqinqjbfhloreoxq
gtlmclmeetimiuyrqeyw
gtlmclmeetimiuyrqeyw
huxknsabkguyuylgcrbm
lgeczkcxmvegupwmrzzz
lgeczkcxmvegupwmrzzz
lgeczkcxmvegupwmrzzz
mgneszmxbyndctshclvp
qwcqutdopzdzqifjkjwp
lgeczkcxmvegupwmrzzz
cmqacfpfhrnnqhymotku
lgeczkcxmvegupwmrzzz
tokrddqccndzhpcfsirc
wwcaxoqwtjsmmgblldev
nftlwcrasdzohznwslpb
nftlwcrasdzohznwslpb
bpmfdzihvswclhzqabie
lcnhuzyxcaoofropajjw
nftlwcrasdzohznwslpb
lcnhuzyxcaoofropajjw
zvtkdydgkhrtovsyxpls
zvtkdydgkhrtovsyxpls
gmwkouwqifmheljgcant
gmwkouwqifmheljgcant
wznukjaxwjjstznrsxzg
dspjupypfanenipwkmut
dspjupypfanenipwkmut
dspjupypfanenipwkmut
kcnjmbdgasxywfpxpoeb
lcnhuzyxcaoofropajjw
nftlwcrasdzohznwslpb
lcnhuzyxcaoofropajjw
puwiqqgcstlfwrnwlkvi
cmqacfpfhrnnqhymotku
puwiqqgcstlfwrnwlkvi
cmqacfpfhrnnqhymotku
amifphzebvmtmvweojll
puwiqqgcstlfwrnwlkvi
hokeycqfiqtsxizwodud
hokeycqfiqtsxizwodud
hokeycqfiqtsxizwodud
hokeycqfiqtsxizwodud
http://www.comp.nus.edu.sg
http://www.comp.nus.edu.sg
http://www.comp.nus.edu.sg
aziajwlpupgczyvsygtw
kcnjmbdgasxywfpxpoeb
