nfuerfihvspgtzpyyfsp
nfuerfihvspgtzpyyfsp
nfuerfihvspgtzpyyfsp
btpwwkwjstnjyxtuskan
nfuerfihvspgtzpyyfsp
btpwwkwjstnjyxtuskan
btpwwkwjstnjyxtuskan
btpwwkwjstnjyxtuskan
btpwwkwjstnjyxtuskan
btpwwkwjstnjyxtuskan
btpwwkwjstnjyxtuskan
btpwwkwjstnjyxtuskan
btpwwkwjstnjyxtuskan
ndxxzdynfkhisrjwnhmb
ndxxzdynfkhisrjwnhmb
rplalajxdjodziydwwuu
rplalajxdjodziydwwuu
paqrtbowpyluvkvbkkgu
http://www.comp.nus.edu.sg
rplalajxdjodziydwwuu
rplalajxdjodziydwwuu
vukpqufiptavtzxltoso
qdyzasspfucheckpqnqy
vukpqufiptavtzxltoso
qdyzasspfucheckpqnqy
http://www.comp.nus.edu.sg
ncmsdghzcuxnoqdxrcsl
http://www.comp.nus.edu.sg
http://www.comp.nus.edu.sg
snsjoodzzqzccobknqkk
rwdaenkikobximnyrmzi
rwdaenkikobximnyrmzi
cmzfwoviajzxobbbojlc
cmzfwoviajzxobbbojlc
rwdaenkikobximnyrmzi
xlslnazpoawmpsupdums
cmzfwoviajzxobbbojlc
qdyzasspfucheckpqnqy
qdyzasspfucheckpqnqy
vukpqufiptavtzxltoso
qdyzasspfucheckpqnqy
mqybkysgjtpbhiivbbdi
lbhqntfotsgefifwwgti
lbhqntfotsgefifwwgti
nfjtyrqlvfduiosauduj
mqybkysgjtpbhiivbbdi
mqybkysgjtpbhiivbbdi
mqybkysgjtpbhiivbbdi
nfjtyrqlvfduiosauduj
nfjtyrqlvfduiosauduj
qffzquezocsgpnnsjvid
hunozjfzgwelxwhbxxfr
cmzfwoviajzxobbbojlc
cmzfwoviajzxobbbojlc
cmzfwoviajzxobbbojlc
cmzfwoviajzxobbbojlc
hunozjfzgwelxwhbxxfr
hunozjfzgwelxwhbxxfr
http://www.comp.nus.edu.sg
http://www.comp.nus.edu.sg
http://www.comp.nus.edu.sg
http://www.comp.nus.edu.sg
http://www.comp.nus.edu.sg
http://www.comp.nus.edu.sg
http://www.comp.nus.edu.sg
http://www.comp.nus.edu.sg
hunozjfzgwelxwhbxxfr
nfjtyrqlvfduiosauduj
xfiakoxuokvexomlmesc
mqybkysgjtpbhiivbbdi
mqybkysgjtpbhiivbbdi
mqybkysgjtpbhiivbbdi
mqybkysgjtpbhiivbbdi
mqybkysgjtpbhiivbbdi
mqybkysgjtpbhiivbbdi
http://www.comp.nus.edu.sg
dwecepcodzitlgykumxi
dwecepcodzitlgykumxi
dwecepcodzitlgykumxi
dwecepcodzitlgykumxi
airkfdipvzexqivsnwtw
gzutttixmiifunkeegei
gzutttixmiifunkeegei
gzutttixmiifunkeegei
puizzohdzmzsmnaixece
izkhpvqrqhnyhmoqrnds
utaogwherhmsbgnxqlja
